[0.686s] DEBUG:colcon:Command line arguments: ['/usr/bin/colcon', 'build', '--symlink-install']
[0.686s] DEBUG:colcon:Parsed command line arguments: Namespace(log_base=None, log_level=None, verb_name='build', build_base='build', install_base='install', merge_install=False, symlink_install=True, test_result_base=None, continue_on_error=False, executor='parallel', parallel_workers=4, event_handlers=None, ignore_user_meta=False, metas=['./colcon.meta'], base_paths=['.'], packages_ignore=None, packages_ignore_regex=None, paths=None, packages_up_to=None, packages_up_to_regex=None, packages_above=None, packages_above_and_dependencies=None, packages_above_depth=None, packages_select_by_dep=None, packages_skip_by_dep=None, packages_skip_up_to=None, packages_select_build_failed=False, packages_skip_build_finished=False, packages_select_test_failures=False, packages_skip_test_passed=False, packages_select=None, packages_skip=None, packages_select_regex=None, packages_skip_regex=None, packages_start=None, packages_end=None, allow_overriding=[], cmake_args=None, cmake_target=None, cmake_target_skip_unavailable=False, cmake_clean_cache=False, cmake_clean_first=False, cmake_force_configure=False, ament_cmake_args=None, catkin_cmake_args=None, catkin_skip_building_tests=False, mixin_files=None, mixin=None, verb_parser=<colcon_mixin.mixin.mixin_argument.MixinArgumentDecorator object at 0x78855904d880>, verb_extension=<colcon_core.verb.build.BuildVerb object at 0x7885591c5fa0>, main=<bound method BuildVerb.main of <colcon_core.verb.build.BuildVerb object at 0x7885591c5fa0>>, mixin_verb=('build',))
[0.790s] Level 1:colcon.colcon_core.package_discovery:discover_packages(colcon_meta) check parameters
[0.790s] Level 1:colcon.colcon_core.package_discovery:discover_packages(recursive) check parameters
[0.790s] Level 1:colcon.colcon_core.package_discovery:discover_packages(ignore) check parameters
[0.790s] Level 1:colcon.colcon_core.package_discovery:discover_packages(path) check parameters
[0.790s] Level 1:colcon.colcon_core.package_discovery:discover_packages(colcon_meta) discover
[0.791s] Level 1:colcon.colcon_core.package_discovery:discover_packages(recursive) discover
[0.791s] INFO:colcon.colcon_core.package_discovery:Crawling recursively for packages in '/home/felix/Schreibtisch/projects/ros2_homework_1'
[0.791s] Level 1:colcon.colcon_core.package_identification:_identify(.) by extensions ['ignore', 'ignore_ament_install']
[0.791s] Level 1:colcon.colcon_core.package_identification:_identify(.) by extension 'ignore'
[0.791s] Level 1:colcon.colcon_core.package_identification:_identify(.) by extension 'ignore_ament_install'
[0.791s] Level 1:colcon.colcon_core.package_identification:_identify(.) by extensions ['colcon_pkg']
[0.791s] Level 1:colcon.colcon_core.package_identification:_identify(.) by extension 'colcon_pkg'
[0.791s] Level 1:colcon.colcon_core.package_identification:_identify(.) by extensions ['colcon_meta']
[0.792s] Level 1:colcon.colcon_core.package_identification:_identify(.) by extension 'colcon_meta'
[0.792s] Level 1:colcon.colcon_core.package_identification:_identify(.) by extensions ['ros']
[0.792s] Level 1:colcon.colcon_core.package_identification:_identify(.) by extension 'ros'
[0.856s] Level 1:colcon.colcon_core.package_identification:_identify(.) by extensions ['cmake', 'python']
[0.857s] Level 1:colcon.colcon_core.package_identification:_identify(.) by extension 'cmake'
[0.857s] Level 1:colcon.colcon_core.package_identification:_identify(.) by extension 'python'
[0.857s] Level 1:colcon.colcon_core.package_identification:_identify(.) by extensions ['python_setup_py']
[0.857s] Level 1:colcon.colcon_core.package_identification:_identify(.) by extension 'python_setup_py'
[0.857s] Level 1:colcon.colcon_core.package_identification:_identify(build) by extensions ['ignore', 'ignore_ament_install']
[0.857s] Level 1:colcon.colcon_core.package_identification:_identify(build) by extension 'ignore'
[0.857s] Level 1:colcon.colcon_core.package_identification:_identify(build) ignored
[0.858s] Level 1:colcon.colcon_core.package_identification:_identify(install) by extensions ['ignore', 'ignore_ament_install']
[0.858s] Level 1:colcon.colcon_core.package_identification:_identify(install) by extension 'ignore'
[0.858s] Level 1:colcon.colcon_core.package_identification:_identify(install) ignored
[0.858s] Level 1:colcon.colcon_core.package_identification:_identify(log) by extensions ['ignore', 'ignore_ament_install']
[0.858s] Level 1:colcon.colcon_core.package_identification:_identify(log) by extension 'ignore'
[0.858s] Level 1:colcon.colcon_core.package_identification:_identify(log) ignored
[0.859s] Level 1:colcon.colcon_core.package_identification:_identify(src) by extensions ['ignore', 'ignore_ament_install']
[0.859s] Level 1:colcon.colcon_core.package_identification:_identify(src) by extension 'ignore'
[0.859s] Level 1:colcon.colcon_core.package_identification:_identify(src) by extension 'ignore_ament_install'
[0.860s] Level 1:colcon.colcon_core.package_identification:_identify(src) by extensions ['colcon_pkg']
[0.861s] Level 1:colcon.colcon_core.package_identification:_identify(src) by extension 'colcon_pkg'
[0.861s] Level 1:colcon.colcon_core.package_identification:_identify(src) by extensions ['colcon_meta']
[0.861s] Level 1:colcon.colcon_core.package_identification:_identify(src) by extension 'colcon_meta'
[0.861s] Level 1:colcon.colcon_core.package_identification:_identify(src) by extensions ['ros']
[0.861s] Level 1:colcon.colcon_core.package_identification:_identify(src) by extension 'ros'
[0.861s] Level 1:colcon.colcon_core.package_identification:_identify(src) by extensions ['cmake', 'python']
[0.862s] Level 1:colcon.colcon_core.package_identification:_identify(src) by extension 'cmake'
[0.862s] Level 1:colcon.colcon_core.package_identification:_identify(src) by extension 'python'
[0.862s] Level 1:colcon.colcon_core.package_identification:_identify(src) by extensions ['python_setup_py']
[0.862s] Level 1:colcon.colcon_core.package_identification:_identify(src) by extension 'python_setup_py'
[0.863s] Level 1:colcon.colcon_core.package_identification:_identify(src/fake_robot) by extensions ['ignore', 'ignore_ament_install']
[0.863s] Level 1:colcon.colcon_core.package_identification:_identify(src/fake_robot) by extension 'ignore'
[0.863s] Level 1:colcon.colcon_core.package_identification:_identify(src/fake_robot) by extension 'ignore_ament_install'
[0.863s] Level 1:colcon.colcon_core.package_identification:_identify(src/fake_robot) by extensions ['colcon_pkg']
[0.863s] Level 1:colcon.colcon_core.package_identification:_identify(src/fake_robot) by extension 'colcon_pkg'
[0.863s] Level 1:colcon.colcon_core.package_identification:_identify(src/fake_robot) by extensions ['colcon_meta']
[0.864s] Level 1:colcon.colcon_core.package_identification:_identify(src/fake_robot) by extension 'colcon_meta'
[0.864s] Level 1:colcon.colcon_core.package_identification:_identify(src/fake_robot) by extensions ['ros']
[0.864s] Level 1:colcon.colcon_core.package_identification:_identify(src/fake_robot) by extension 'ros'
[0.871s] DEBUG:colcon.colcon_core.package_identification:Package 'src/fake_robot' with type 'ros.ament_cmake' and name 'fake_robot'
[0.871s] Level 1:colcon.colcon_core.package_identification:_identify(src/kalman_positioning) by extensions ['ignore', 'ignore_ament_install']
[0.871s] Level 1:colcon.colcon_core.package_identification:_identify(src/kalman_positioning) by extension 'ignore'
[0.871s] Level 1:colcon.colcon_core.package_identification:_identify(src/kalman_positioning) by extension 'ignore_ament_install'
[0.871s] Level 1:colcon.colcon_core.package_identification:_identify(src/kalman_positioning) by extensions ['colcon_pkg']
[0.871s] Level 1:colcon.colcon_core.package_identification:_identify(src/kalman_positioning) by extension 'colcon_pkg'
[0.872s] Level 1:colcon.colcon_core.package_identification:_identify(src/kalman_positioning) by extensions ['colcon_meta']
[0.872s] Level 1:colcon.colcon_core.package_identification:_identify(src/kalman_positioning) by extension 'colcon_meta'
[0.872s] Level 1:colcon.colcon_core.package_identification:_identify(src/kalman_positioning) by extensions ['ros']
[0.872s] Level 1:colcon.colcon_core.package_identification:_identify(src/kalman_positioning) by extension 'ros'
[0.873s] DEBUG:colcon.colcon_core.package_identification:Package 'src/kalman_positioning' with type 'ros.ament_cmake' and name 'kalman_positioning'
[0.873s] Level 1:colcon.colcon_core.package_identification:_identify(src/kalman_positioning_py) by extensions ['ignore', 'ignore_ament_install']
[0.873s] Level 1:colcon.colcon_core.package_identification:_identify(src/kalman_positioning_py) by extension 'ignore'
[0.873s] Level 1:colcon.colcon_core.package_identification:_identify(src/kalman_positioning_py) by extension 'ignore_ament_install'
[0.874s] Level 1:colcon.colcon_core.package_identification:_identify(src/kalman_positioning_py) by extensions ['colcon_pkg']
[0.874s] Level 1:colcon.colcon_core.package_identification:_identify(src/kalman_positioning_py) by extension 'colcon_pkg'
[0.874s] Level 1:colcon.colcon_core.package_identification:_identify(src/kalman_positioning_py) by extensions ['colcon_meta']
[0.874s] Level 1:colcon.colcon_core.package_identification:_identify(src/kalman_positioning_py) by extension 'colcon_meta'
[0.874s] Level 1:colcon.colcon_core.package_identification:_identify(src/kalman_positioning_py) by extensions ['ros']
[0.874s] Level 1:colcon.colcon_core.package_identification:_identify(src/kalman_positioning_py) by extension 'ros'
[0.875s] DEBUG:colcon.colcon_core.package_identification:Package 'src/kalman_positioning_py' with type 'ros.ament_python' and name 'kalman_positioning_py'
[0.875s] Level 1:colcon.colcon_core.package_discovery:discover_packages(recursive) using defaults
[0.875s] Level 1:colcon.colcon_core.package_discovery:discover_packages(ignore) discover
[0.875s] Level 1:colcon.colcon_core.package_discovery:discover_packages(ignore) using defaults
[0.875s] Level 1:colcon.colcon_core.package_discovery:discover_packages(path) discover
[0.875s] Level 1:colcon.colcon_core.package_discovery:discover_packages(path) using defaults
[0.921s] Level 1:colcon.colcon_core.package_discovery:discover_packages(prefix_path) check parameters
[0.921s] Level 1:colcon.colcon_core.package_discovery:discover_packages(prefix_path) discover
[0.930s] DEBUG:colcon.colcon_installed_package_information.package_discovery:Found 322 installed packages in /opt/ros/kilted
[0.935s] Level 1:colcon.colcon_core.package_discovery:discover_packages(prefix_path) using defaults
[1.058s] Level 5:colcon.colcon_core.verb:set package 'fake_robot' build argument 'cmake_args' from command line to 'None'
[1.058s] Level 5:colcon.colcon_core.verb:set package 'fake_robot' build argument 'cmake_target' from command line to 'None'
[1.058s] Level 5:colcon.colcon_core.verb:set package 'fake_robot' build argument 'cmake_target_skip_unavailable' from command line to 'False'
[1.058s] Level 5:colcon.colcon_core.verb:set package 'fake_robot' build argument 'cmake_clean_cache' from command line to 'False'
[1.058s] Level 5:colcon.colcon_core.verb:set package 'fake_robot' build argument 'cmake_clean_first' from command line to 'False'
[1.058s] Level 5:colcon.colcon_core.verb:set package 'fake_robot' build argument 'cmake_force_configure' from command line to 'False'
[1.058s] Level 5:colcon.colcon_core.verb:set package 'fake_robot' build argument 'ament_cmake_args' from command line to 'None'
[1.058s] Level 5:colcon.colcon_core.verb:set package 'fake_robot' build argument 'catkin_cmake_args' from command line to 'None'
[1.058s] Level 5:colcon.colcon_core.verb:set package 'fake_robot' build argument 'catkin_skip_building_tests' from command line to 'False'
[1.058s] DEBUG:colcon.colcon_core.verb:Building package 'fake_robot' with the following arguments: {'ament_cmake_args': None, 'build_base': '/home/felix/Schreibtisch/projects/ros2_homework_1/build/fake_robot', 'catkin_cmake_args': None, 'catkin_skip_building_tests': False, 'cmake_args': None, 'cmake_clean_cache': False, 'cmake_clean_first': False, 'cmake_force_configure': False, 'cmake_target': None, 'cmake_target_skip_unavailable': False, 'install_base': '/home/felix/Schreibtisch/projects/ros2_homework_1/install/fake_robot', 'merge_install': False, 'path': '/home/felix/Schreibtisch/projects/ros2_homework_1/src/fake_robot', 'symlink_install': True, 'test_result_base': None}
[1.059s] Level 5:colcon.colcon_core.verb:set package 'kalman_positioning' build argument 'cmake_args' from command line to 'None'
[1.060s] Level 5:colcon.colcon_core.verb:set package 'kalman_positioning' build argument 'cmake_target' from command line to 'None'
[1.060s] Level 5:colcon.colcon_core.verb:set package 'kalman_positioning' build argument 'cmake_target_skip_unavailable' from command line to 'False'
[1.061s] Level 5:colcon.colcon_core.verb:set package 'kalman_positioning' build argument 'cmake_clean_cache' from command line to 'False'
[1.061s] Level 5:colcon.colcon_core.verb:set package 'kalman_positioning' build argument 'cmake_clean_first' from command line to 'False'
[1.061s] Level 5:colcon.colcon_core.verb:set package 'kalman_positioning' build argument 'cmake_force_configure' from command line to 'False'
[1.061s] Level 5:colcon.colcon_core.verb:set package 'kalman_positioning' build argument 'ament_cmake_args' from command line to 'None'
[1.061s] Level 5:colcon.colcon_core.verb:set package 'kalman_positioning' build argument 'catkin_cmake_args' from command line to 'None'
[1.061s] Level 5:colcon.colcon_core.verb:set package 'kalman_positioning' build argument 'catkin_skip_building_tests' from command line to 'False'
[1.061s] DEBUG:colcon.colcon_core.verb:Building package 'kalman_positioning' with the following arguments: {'ament_cmake_args': None, 'build_base': '/home/felix/Schreibtisch/projects/ros2_homework_1/build/kalman_positioning', 'catkin_cmake_args': None, 'catkin_skip_building_tests': False, 'cmake_args': None, 'cmake_clean_cache': False, 'cmake_clean_first': False, 'cmake_force_configure': False, 'cmake_target': None, 'cmake_target_skip_unavailable': False, 'install_base': '/home/felix/Schreibtisch/projects/ros2_homework_1/install/kalman_positioning', 'merge_install': False, 'path': '/home/felix/Schreibtisch/projects/ros2_homework_1/src/kalman_positioning', 'symlink_install': True, 'test_result_base': None}
[1.063s] Level 5:colcon.colcon_core.verb:set package 'kalman_positioning_py' build argument 'cmake_args' from command line to 'None'
[1.063s] Level 5:colcon.colcon_core.verb:set package 'kalman_positioning_py' build argument 'cmake_target' from command line to 'None'
[1.063s] Level 5:colcon.colcon_core.verb:set package 'kalman_positioning_py' build argument 'cmake_target_skip_unavailable' from command line to 'False'
[1.063s] Level 5:colcon.colcon_core.verb:set package 'kalman_positioning_py' build argument 'cmake_clean_cache' from command line to 'False'
[1.063s] Level 5:colcon.colcon_core.verb:set package 'kalman_positioning_py' build argument 'cmake_clean_first' from command line to 'False'
[1.063s] Level 5:colcon.colcon_core.verb:set package 'kalman_positioning_py' build argument 'cmake_force_configure' from command line to 'False'
[1.063s] Level 5:colcon.colcon_core.verb:set package 'kalman_positioning_py' build argument 'ament_cmake_args' from command line to 'None'
[1.063s] Level 5:colcon.colcon_core.verb:set package 'kalman_positioning_py' build argument 'catkin_cmake_args' from command line to 'None'
[1.063s] Level 5:colcon.colcon_core.verb:set package 'kalman_positioning_py' build argument 'catkin_skip_building_tests' from command line to 'False'
[1.064s] DEBUG:colcon.colcon_core.verb:Building package 'kalman_positioning_py' with the following arguments: {'ament_cmake_args': None, 'build_base': '/home/felix/Schreibtisch/projects/ros2_homework_1/build/kalman_positioning_py', 'catkin_cmake_args': None, 'catkin_skip_building_tests': False, 'cmake_args': None, 'cmake_clean_cache': False, 'cmake_clean_first': False, 'cmake_force_configure': False, 'cmake_target': None, 'cmake_target_skip_unavailable': False, 'install_base': '/home/felix/Schreibtisch/projects/ros2_homework_1/install/kalman_positioning_py', 'merge_install': False, 'path': '/home/felix/Schreibtisch/projects/ros2_homework_1/src/kalman_positioning_py', 'symlink_install': True, 'test_result_base': None}
[1.064s] INFO:colcon.colcon_core.executor:Executing jobs using 'parallel' executor
[1.069s] DEBUG:colcon.colcon_parallel_executor.executor.parallel:run_until_complete
[1.070s] INFO:colcon.colcon_ros.task.ament_cmake.build:Building ROS package in '/home/felix/Schreibtisch/projects/ros2_homework_1/src/fake_robot' with build type 'ament_cmake'
[1.071s] INFO:colcon.colcon_cmake.task.cmake.build:Building CMake package in '/home/felix/Schreibtisch/projects/ros2_homework_1/src/fake_robot'
[1.078s] INFO:colcon.colcon_core.plugin_system:Skipping extension 'colcon_core.shell.bat': Not used on non-Windows systems
[1.079s] INFO:colcon.colcon_core.shell:Skip shell extension 'powershell' for command environment: Not usable outside of PowerShell
[1.079s] DEBUG:colcon.colcon_core.shell:Skip shell extension 'dsv' for command environment
[1.088s] INFO:colcon.colcon_ros.task.ament_cmake.build:Building ROS package in '/home/felix/Schreibtisch/projects/ros2_homework_1/src/kalman_positioning' with build type 'ament_cmake'
[1.089s] INFO:colcon.colcon_cmake.task.cmake.build:Building CMake package in '/home/felix/Schreibtisch/projects/ros2_homework_1/src/kalman_positioning'
[1.089s] INFO:colcon.colcon_core.shell:Skip shell extension 'powershell' for command environment: Not usable outside of PowerShell
[1.089s] DEBUG:colcon.colcon_core.shell:Skip shell extension 'dsv' for command environment
[1.102s] INFO:colcon.colcon_ros.task.ament_python.build:Building ROS package in '/home/felix/Schreibtisch/projects/ros2_homework_1/src/kalman_positioning_py' with build type 'ament_python'
[1.103s] Level 1:colcon.colcon_core.shell:create_environment_hook('kalman_positioning_py', 'ament_prefix_path')
[1.103s] INFO:colcon.colcon_core.shell:Creating environment hook '/home/felix/Schreibtisch/projects/ros2_homework_1/install/kalman_positioning_py/share/kalman_positioning_py/hook/ament_prefix_path.ps1'
[1.105s] INFO:colcon.colcon_core.shell:Creating environment descriptor '/home/felix/Schreibtisch/projects/ros2_homework_1/install/kalman_positioning_py/share/kalman_positioning_py/hook/ament_prefix_path.dsv'
[1.106s] INFO:colcon.colcon_core.shell:Creating environment hook '/home/felix/Schreibtisch/projects/ros2_homework_1/install/kalman_positioning_py/share/kalman_positioning_py/hook/ament_prefix_path.sh'
[1.112s] INFO:colcon.colcon_core.shell:Skip shell extension 'powershell' for command environment: Not usable outside of PowerShell
[1.113s] DEBUG:colcon.colcon_core.shell:Skip shell extension 'dsv' for command environment
[1.136s] DEBUG:colcon.colcon_core.event_handler.log_command:Invoking command in '/home/felix/Schreibtisch/projects/ros2_homework_1/build/fake_robot': CMAKE_PREFIX_PATH=${CMAKE_PREFIX_PATH}:/opt/ros/kilted /usr/bin/cmake /home/felix/Schreibtisch/projects/ros2_homework_1/src/fake_robot -DAMENT_CMAKE_SYMLINK_INSTALL=1 -DCMAKE_INSTALL_PREFIX=/home/felix/Schreibtisch/projects/ros2_homework_1/install/fake_robot
[1.150s] DEBUG:colcon.colcon_core.event_handler.log_command:Invoking command in '/home/felix/Schreibtisch/projects/ros2_homework_1/build/kalman_positioning': CMAKE_PREFIX_PATH=${CMAKE_PREFIX_PATH}:/opt/ros/kilted /usr/bin/cmake /home/felix/Schreibtisch/projects/ros2_homework_1/src/kalman_positioning -DAMENT_CMAKE_SYMLINK_INSTALL=1 -DCMAKE_INSTALL_PREFIX=/home/felix/Schreibtisch/projects/ros2_homework_1/install/kalman_positioning
[2.097s] INFO:colcon.colcon_core.task.python.build:Building Python package in '/home/felix/Schreibtisch/projects/ros2_homework_1/src/kalman_positioning_py'
[2.098s] INFO:colcon.colcon_core.shell:Skip shell extension 'powershell' for command environment: Not usable outside of PowerShell
[2.098s] DEBUG:colcon.colcon_core.shell:Skip shell extension 'dsv' for command environment
[4.655s] DEBUG:colcon.colcon_core.event_handler.log_command:Invoking command in '/home/felix/Schreibtisch/projects/ros2_homework_1/build/kalman_positioning_py': PYTHONPATH=/home/felix/Schreibtisch/projects/ros2_homework_1/build/kalman_positioning_py/prefix_override:/usr/lib/python3/dist-packages/colcon_core/task/python/colcon_distutils_commands:/home/felix/Schreibtisch/projects/ros2_homework_1/install/kalman_positioning_py/lib/python3.12/site-packages:${PYTHONPATH} /usr/bin/python3 -W ignore:setup.py install is deprecated -W ignore:easy_install command is deprecated setup.py develop --editable --build-directory /home/felix/Schreibtisch/projects/ros2_homework_1/build/kalman_positioning_py/build --no-deps symlink_data
[5.335s] DEBUG:colcon.colcon_core.event_handler.log_command:Invoked command in '/home/felix/Schreibtisch/projects/ros2_homework_1/build/fake_robot' returned '0': CMAKE_PREFIX_PATH=${CMAKE_PREFIX_PATH}:/opt/ros/kilted /usr/bin/cmake /home/felix/Schreibtisch/projects/ros2_homework_1/src/fake_robot -DAMENT_CMAKE_SYMLINK_INSTALL=1 -DCMAKE_INSTALL_PREFIX=/home/felix/Schreibtisch/projects/ros2_homework_1/install/fake_robot
[5.338s] DEBUG:colcon.colcon_core.event_handler.log_command:Invoking command in '/home/felix/Schreibtisch/projects/ros2_homework_1/build/fake_robot': CMAKE_PREFIX_PATH=${CMAKE_PREFIX_PATH}:/opt/ros/kilted /usr/bin/cmake --build /home/felix/Schreibtisch/projects/ros2_homework_1/build/fake_robot -- -j4 -l4
[7.848s] Level 1:colcon.colcon_core.shell:create_environment_hook('kalman_positioning_py', 'pythonpath_develop')
[7.859s] INFO:colcon.colcon_core.shell:Creating environment hook '/home/felix/Schreibtisch/projects/ros2_homework_1/build/kalman_positioning_py/share/kalman_positioning_py/hook/pythonpath_develop.ps1'
[7.862s] DEBUG:colcon.colcon_core.event_handler.log_command:Invoked command in '/home/felix/Schreibtisch/projects/ros2_homework_1/build/kalman_positioning_py' returned '0': PYTHONPATH=/home/felix/Schreibtisch/projects/ros2_homework_1/build/kalman_positioning_py/prefix_override:/usr/lib/python3/dist-packages/colcon_core/task/python/colcon_distutils_commands:/home/felix/Schreibtisch/projects/ros2_homework_1/install/kalman_positioning_py/lib/python3.12/site-packages:${PYTHONPATH} /usr/bin/python3 -W ignore:setup.py install is deprecated -W ignore:easy_install command is deprecated setup.py develop --editable --build-directory /home/felix/Schreibtisch/projects/ros2_homework_1/build/kalman_positioning_py/build --no-deps symlink_data
[7.876s] INFO:colcon.colcon_core.shell:Creating environment descriptor '/home/felix/Schreibtisch/projects/ros2_homework_1/build/kalman_positioning_py/share/kalman_positioning_py/hook/pythonpath_develop.dsv'
[7.877s] INFO:colcon.colcon_core.shell:Creating environment hook '/home/felix/Schreibtisch/projects/ros2_homework_1/build/kalman_positioning_py/share/kalman_positioning_py/hook/pythonpath_develop.sh'
[7.910s] Level 1:colcon.colcon_core.environment:checking '/home/felix/Schreibtisch/projects/ros2_homework_1/install/kalman_positioning_py' for CMake module files
[7.918s] Level 1:colcon.colcon_core.environment:checking '/home/felix/Schreibtisch/projects/ros2_homework_1/install/kalman_positioning_py' for CMake config files
[7.920s] Level 1:colcon.colcon_core.environment:checking '/home/felix/Schreibtisch/projects/ros2_homework_1/install/kalman_positioning_py/lib'
[7.926s] Level 1:colcon.colcon_core.environment:checking '/home/felix/Schreibtisch/projects/ros2_homework_1/install/kalman_positioning_py/bin'
[7.926s] Level 1:colcon.colcon_core.environment:checking '/home/felix/Schreibtisch/projects/ros2_homework_1/install/kalman_positioning_py/lib/pkgconfig/kalman_positioning_py.pc'
[7.926s] Level 1:colcon.colcon_core.environment:checking '/home/felix/Schreibtisch/projects/ros2_homework_1/install/kalman_positioning_py/lib/python3.12/site-packages'
[7.927s] Level 1:colcon.colcon_core.shell:create_environment_hook('kalman_positioning_py', 'pythonpath')
[7.927s] INFO:colcon.colcon_core.shell:Creating environment hook '/home/felix/Schreibtisch/projects/ros2_homework_1/install/kalman_positioning_py/share/kalman_positioning_py/hook/pythonpath.ps1'
[7.939s] INFO:colcon.colcon_core.shell:Creating environment descriptor '/home/felix/Schreibtisch/projects/ros2_homework_1/install/kalman_positioning_py/share/kalman_positioning_py/hook/pythonpath.dsv'
[7.940s] INFO:colcon.colcon_core.shell:Creating environment hook '/home/felix/Schreibtisch/projects/ros2_homework_1/install/kalman_positioning_py/share/kalman_positioning_py/hook/pythonpath.sh'
[7.955s] Level 1:colcon.colcon_core.environment:checking '/home/felix/Schreibtisch/projects/ros2_homework_1/install/kalman_positioning_py/bin'
[7.959s] Level 1:colcon.colcon_core.environment:create_environment_scripts_only(kalman_positioning_py)
[7.961s] INFO:colcon.colcon_core.shell:Creating package script '/home/felix/Schreibtisch/projects/ros2_homework_1/install/kalman_positioning_py/share/kalman_positioning_py/package.ps1'
[7.969s] INFO:colcon.colcon_core.shell:Creating package descriptor '/home/felix/Schreibtisch/projects/ros2_homework_1/install/kalman_positioning_py/share/kalman_positioning_py/package.dsv'
[7.985s] INFO:colcon.colcon_core.shell:Creating package script '/home/felix/Schreibtisch/projects/ros2_homework_1/install/kalman_positioning_py/share/kalman_positioning_py/package.sh'
[7.988s] INFO:colcon.colcon_core.shell:Creating package script '/home/felix/Schreibtisch/projects/ros2_homework_1/install/kalman_positioning_py/share/kalman_positioning_py/package.bash'
[8.000s] INFO:colcon.colcon_core.shell:Creating package script '/home/felix/Schreibtisch/projects/ros2_homework_1/install/kalman_positioning_py/share/kalman_positioning_py/package.zsh'
[8.015s] Level 1:colcon.colcon_core.environment:create_file_with_runtime_dependencies(/home/felix/Schreibtisch/projects/ros2_homework_1/install/kalman_positioning_py/share/colcon-core/packages/kalman_positioning_py)
[8.672s] DEBUG:colcon.colcon_core.event_handler.log_command:Invoked command in '/home/felix/Schreibtisch/projects/ros2_homework_1/build/kalman_positioning' returned '0': CMAKE_PREFIX_PATH=${CMAKE_PREFIX_PATH}:/opt/ros/kilted /usr/bin/cmake /home/felix/Schreibtisch/projects/ros2_homework_1/src/kalman_positioning -DAMENT_CMAKE_SYMLINK_INSTALL=1 -DCMAKE_INSTALL_PREFIX=/home/felix/Schreibtisch/projects/ros2_homework_1/install/kalman_positioning
[8.674s] DEBUG:colcon.colcon_core.event_handler.log_command:Invoking command in '/home/felix/Schreibtisch/projects/ros2_homework_1/build/kalman_positioning': CMAKE_PREFIX_PATH=${CMAKE_PREFIX_PATH}:/opt/ros/kilted /usr/bin/cmake --build /home/felix/Schreibtisch/projects/ros2_homework_1/build/kalman_positioning -- -j4 -l4
[25.976s] DEBUG:colcon.colcon_core.event_handler.log_command:Invoked command in '/home/felix/Schreibtisch/projects/ros2_homework_1/build/fake_robot' returned '0': CMAKE_PREFIX_PATH=${CMAKE_PREFIX_PATH}:/opt/ros/kilted /usr/bin/cmake --build /home/felix/Schreibtisch/projects/ros2_homework_1/build/fake_robot -- -j4 -l4
[26.004s] DEBUG:colcon.colcon_core.event_handler.log_command:Invoking command in '/home/felix/Schreibtisch/projects/ros2_homework_1/build/fake_robot': CMAKE_PREFIX_PATH=${CMAKE_PREFIX_PATH}:/opt/ros/kilted /usr/bin/cmake --install /home/felix/Schreibtisch/projects/ros2_homework_1/build/fake_robot
[26.974s] Level 1:colcon.colcon_core.environment:create_environment_scripts_only(fake_robot)
[26.975s] Level 1:colcon.colcon_core.environment:checking '/home/felix/Schreibtisch/projects/ros2_homework_1/install/fake_robot' for CMake module files
[26.976s] DEBUG:colcon.colcon_core.event_handler.log_command:Invoked command in '/home/felix/Schreibtisch/projects/ros2_homework_1/build/fake_robot' returned '0': CMAKE_PREFIX_PATH=${CMAKE_PREFIX_PATH}:/opt/ros/kilted /usr/bin/cmake --install /home/felix/Schreibtisch/projects/ros2_homework_1/build/fake_robot
[26.977s] Level 1:colcon.colcon_core.environment:checking '/home/felix/Schreibtisch/projects/ros2_homework_1/install/fake_robot' for CMake config files
[26.978s] Level 1:colcon.colcon_core.shell:create_environment_hook('fake_robot', 'cmake_prefix_path')
[26.979s] INFO:colcon.colcon_core.shell:Creating environment hook '/home/felix/Schreibtisch/projects/ros2_homework_1/install/fake_robot/share/fake_robot/hook/cmake_prefix_path.ps1'
[26.981s] INFO:colcon.colcon_core.shell:Creating environment descriptor '/home/felix/Schreibtisch/projects/ros2_homework_1/install/fake_robot/share/fake_robot/hook/cmake_prefix_path.dsv'
[26.982s] INFO:colcon.colcon_core.shell:Creating environment hook '/home/felix/Schreibtisch/projects/ros2_homework_1/install/fake_robot/share/fake_robot/hook/cmake_prefix_path.sh'
[26.984s] Level 1:colcon.colcon_core.environment:checking '/home/felix/Schreibtisch/projects/ros2_homework_1/install/fake_robot/lib'
[26.984s] Level 1:colcon.colcon_core.environment:checking '/home/felix/Schreibtisch/projects/ros2_homework_1/install/fake_robot/bin'
[26.984s] Level 1:colcon.colcon_core.environment:checking '/home/felix/Schreibtisch/projects/ros2_homework_1/install/fake_robot/lib/pkgconfig/fake_robot.pc'
[26.985s] Level 1:colcon.colcon_core.environment:checking '/home/felix/Schreibtisch/projects/ros2_homework_1/install/fake_robot/lib/python3.12/site-packages'
[26.986s] Level 1:colcon.colcon_core.environment:checking '/home/felix/Schreibtisch/projects/ros2_homework_1/install/fake_robot/bin'
[26.986s] INFO:colcon.colcon_core.shell:Creating package script '/home/felix/Schreibtisch/projects/ros2_homework_1/install/fake_robot/share/fake_robot/package.ps1'
[26.988s] INFO:colcon.colcon_core.shell:Creating package descriptor '/home/felix/Schreibtisch/projects/ros2_homework_1/install/fake_robot/share/fake_robot/package.dsv'
[26.989s] INFO:colcon.colcon_core.shell:Creating package script '/home/felix/Schreibtisch/projects/ros2_homework_1/install/fake_robot/share/fake_robot/package.sh'
[26.991s] INFO:colcon.colcon_core.shell:Creating package script '/home/felix/Schreibtisch/projects/ros2_homework_1/install/fake_robot/share/fake_robot/package.bash'
[26.992s] INFO:colcon.colcon_core.shell:Creating package script '/home/felix/Schreibtisch/projects/ros2_homework_1/install/fake_robot/share/fake_robot/package.zsh'
[26.993s] Level 1:colcon.colcon_core.environment:create_file_with_runtime_dependencies(/home/felix/Schreibtisch/projects/ros2_homework_1/install/fake_robot/share/colcon-core/packages/fake_robot)
[26.994s] Level 1:colcon.colcon_core.environment:create_environment_scripts_only(fake_robot)
[26.995s] Level 1:colcon.colcon_core.environment:checking '/home/felix/Schreibtisch/projects/ros2_homework_1/install/fake_robot' for CMake module files
[26.997s] Level 1:colcon.colcon_core.environment:checking '/home/felix/Schreibtisch/projects/ros2_homework_1/install/fake_robot' for CMake config files
[26.997s] Level 1:colcon.colcon_core.shell:create_environment_hook('fake_robot', 'cmake_prefix_path')
[26.998s] INFO:colcon.colcon_core.shell:Creating environment hook '/home/felix/Schreibtisch/projects/ros2_homework_1/install/fake_robot/share/fake_robot/hook/cmake_prefix_path.ps1'
[26.999s] INFO:colcon.colcon_core.shell:Creating environment descriptor '/home/felix/Schreibtisch/projects/ros2_homework_1/install/fake_robot/share/fake_robot/hook/cmake_prefix_path.dsv'
[26.999s] INFO:colcon.colcon_core.shell:Creating environment hook '/home/felix/Schreibtisch/projects/ros2_homework_1/install/fake_robot/share/fake_robot/hook/cmake_prefix_path.sh'
[27.001s] Level 1:colcon.colcon_core.environment:checking '/home/felix/Schreibtisch/projects/ros2_homework_1/install/fake_robot/lib'
[27.001s] Level 1:colcon.colcon_core.environment:checking '/home/felix/Schreibtisch/projects/ros2_homework_1/install/fake_robot/bin'
[27.001s] Level 1:colcon.colcon_core.environment:checking '/home/felix/Schreibtisch/projects/ros2_homework_1/install/fake_robot/lib/pkgconfig/fake_robot.pc'
[27.001s] Level 1:colcon.colcon_core.environment:checking '/home/felix/Schreibtisch/projects/ros2_homework_1/install/fake_robot/lib/python3.12/site-packages'
[27.002s] Level 1:colcon.colcon_core.environment:checking '/home/felix/Schreibtisch/projects/ros2_homework_1/install/fake_robot/bin'
[27.003s] INFO:colcon.colcon_core.shell:Creating package script '/home/felix/Schreibtisch/projects/ros2_homework_1/install/fake_robot/share/fake_robot/package.ps1'
[27.004s] INFO:colcon.colcon_core.shell:Creating package descriptor '/home/felix/Schreibtisch/projects/ros2_homework_1/install/fake_robot/share/fake_robot/package.dsv'
[27.005s] INFO:colcon.colcon_core.shell:Creating package script '/home/felix/Schreibtisch/projects/ros2_homework_1/install/fake_robot/share/fake_robot/package.sh'
[27.006s] INFO:colcon.colcon_core.shell:Creating package script '/home/felix/Schreibtisch/projects/ros2_homework_1/install/fake_robot/share/fake_robot/package.bash'
[27.007s] INFO:colcon.colcon_core.shell:Creating package script '/home/felix/Schreibtisch/projects/ros2_homework_1/install/fake_robot/share/fake_robot/package.zsh'
[27.008s] Level 1:colcon.colcon_core.environment:create_file_with_runtime_dependencies(/home/felix/Schreibtisch/projects/ros2_homework_1/install/fake_robot/share/colcon-core/packages/fake_robot)
[53.210s] DEBUG:colcon.colcon_core.event_handler.log_command:Invoked command in '/home/felix/Schreibtisch/projects/ros2_homework_1/build/kalman_positioning' returned '0': CMAKE_PREFIX_PATH=${CMAKE_PREFIX_PATH}:/opt/ros/kilted /usr/bin/cmake --build /home/felix/Schreibtisch/projects/ros2_homework_1/build/kalman_positioning -- -j4 -l4
[53.212s] DEBUG:colcon.colcon_core.event_handler.log_command:Invoking command in '/home/felix/Schreibtisch/projects/ros2_homework_1/build/kalman_positioning': CMAKE_PREFIX_PATH=${CMAKE_PREFIX_PATH}:/opt/ros/kilted /usr/bin/cmake --install /home/felix/Schreibtisch/projects/ros2_homework_1/build/kalman_positioning
[53.288s] DEBUG:colcon.colcon_core.event_handler.log_command:Invoked command in '/home/felix/Schreibtisch/projects/ros2_homework_1/build/kalman_positioning' returned '1': CMAKE_PREFIX_PATH=${CMAKE_PREFIX_PATH}:/opt/ros/kilted /usr/bin/cmake --install /home/felix/Schreibtisch/projects/ros2_homework_1/build/kalman_positioning
[53.289s] Level 1:colcon.colcon_core.environment:create_environment_scripts_only(kalman_positioning)
[53.289s] Level 1:colcon.colcon_core.environment:checking '/home/felix/Schreibtisch/projects/ros2_homework_1/install/kalman_positioning' for CMake module files
[53.290s] Level 1:colcon.colcon_core.environment:checking '/home/felix/Schreibtisch/projects/ros2_homework_1/install/kalman_positioning' for CMake config files
[53.290s] Level 1:colcon.colcon_core.environment:checking '/home/felix/Schreibtisch/projects/ros2_homework_1/install/kalman_positioning/lib'
[53.290s] Level 1:colcon.colcon_core.environment:checking '/home/felix/Schreibtisch/projects/ros2_homework_1/install/kalman_positioning/bin'
[53.290s] Level 1:colcon.colcon_core.environment:checking '/home/felix/Schreibtisch/projects/ros2_homework_1/install/kalman_positioning/lib/pkgconfig/kalman_positioning.pc'
[53.291s] Level 1:colcon.colcon_core.environment:checking '/home/felix/Schreibtisch/projects/ros2_homework_1/install/kalman_positioning/lib/python3.12/site-packages'
[53.291s] Level 1:colcon.colcon_core.environment:checking '/home/felix/Schreibtisch/projects/ros2_homework_1/install/kalman_positioning/bin'
[53.291s] INFO:colcon.colcon_core.shell:Creating package script '/home/felix/Schreibtisch/projects/ros2_homework_1/install/kalman_positioning/share/kalman_positioning/package.ps1'
[53.292s] INFO:colcon.colcon_core.shell:Creating package descriptor '/home/felix/Schreibtisch/projects/ros2_homework_1/install/kalman_positioning/share/kalman_positioning/package.dsv'
[53.292s] INFO:colcon.colcon_core.shell:Creating package script '/home/felix/Schreibtisch/projects/ros2_homework_1/install/kalman_positioning/share/kalman_positioning/package.sh'
[53.293s] INFO:colcon.colcon_core.shell:Creating package script '/home/felix/Schreibtisch/projects/ros2_homework_1/install/kalman_positioning/share/kalman_positioning/package.bash'
[53.293s] INFO:colcon.colcon_core.shell:Creating package script '/home/felix/Schreibtisch/projects/ros2_homework_1/install/kalman_positioning/share/kalman_positioning/package.zsh'
[53.294s] Level 1:colcon.colcon_core.environment:create_file_with_runtime_dependencies(/home/felix/Schreibtisch/projects/ros2_homework_1/install/kalman_positioning/share/colcon-core/packages/kalman_positioning)
[53.304s] DEBUG:colcon.colcon_parallel_executor.executor.parallel:closing loop
[53.305s] DEBUG:colcon.colcon_parallel_executor.executor.parallel:loop closed
[53.305s] DEBUG:colcon.colcon_parallel_executor.executor.parallel:run_until_complete finished with '1'
[53.305s] DEBUG:colcon.colcon_core.event_reactor:joining thread
[53.322s] INFO:colcon.colcon_core.plugin_system:Skipping extension 'colcon_notification.desktop_notification.terminal_notifier': Not used on non-Darwin systems
[53.322s] INFO:colcon.colcon_core.plugin_system:Skipping extension 'colcon_notification.desktop_notification.win32': Not used on non-Windows systems
[53.322s] INFO:colcon.colcon_notification.desktop_notification:Sending desktop notification using 'notify2'
[53.350s] DEBUG:colcon.colcon_core.event_reactor:joined thread
[53.351s] INFO:colcon.colcon_core.shell:Creating prefix script '/home/felix/Schreibtisch/projects/ros2_homework_1/install/local_setup.ps1'
[53.354s] INFO:colcon.colcon_core.shell:Creating prefix util module '/home/felix/Schreibtisch/projects/ros2_homework_1/install/_local_setup_util_ps1.py'
[53.359s] INFO:colcon.colcon_core.shell:Creating prefix chain script '/home/felix/Schreibtisch/projects/ros2_homework_1/install/setup.ps1'
[53.366s] INFO:colcon.colcon_core.shell:Creating prefix script '/home/felix/Schreibtisch/projects/ros2_homework_1/install/local_setup.sh'
[53.369s] INFO:colcon.colcon_core.shell:Creating prefix util module '/home/felix/Schreibtisch/projects/ros2_homework_1/install/_local_setup_util_sh.py'
[53.372s] INFO:colcon.colcon_core.shell:Creating prefix chain script '/home/felix/Schreibtisch/projects/ros2_homework_1/install/setup.sh'
[53.374s] INFO:colcon.colcon_core.shell:Creating prefix script '/home/felix/Schreibtisch/projects/ros2_homework_1/install/local_setup.bash'
[53.375s] INFO:colcon.colcon_core.shell:Creating prefix chain script '/home/felix/Schreibtisch/projects/ros2_homework_1/install/setup.bash'
[53.378s] INFO:colcon.colcon_core.shell:Creating prefix script '/home/felix/Schreibtisch/projects/ros2_homework_1/install/local_setup.zsh'
[53.380s] INFO:colcon.colcon_core.shell:Creating prefix chain script '/home/felix/Schreibtisch/projects/ros2_homework_1/install/setup.zsh'
