[0.206s] DEBUG:colcon:Command line arguments: ['/usr/bin/colcon', 'build']
[0.206s] DEBUG:colcon:Parsed command line arguments: Namespace(log_base=None, log_level=None, verb_name='build', build_base='build', install_base='install', merge_install=False, symlink_install=False, test_result_base=None, continue_on_error=False, executor='parallel', parallel_workers=4, event_handlers=None, ignore_user_meta=False, metas=['./colcon.meta'], base_paths=['.'], packages_ignore=None, packages_ignore_regex=None, paths=None, packages_up_to=None, packages_up_to_regex=None, packages_above=None, packages_above_and_dependencies=None, packages_above_depth=None, packages_select_by_dep=None, packages_skip_by_dep=None, packages_skip_up_to=None, packages_select_build_failed=False, packages_skip_build_finished=False, packages_select_test_failures=False, packages_skip_test_passed=False, packages_select=None, packages_skip=None, packages_select_regex=None, packages_skip_regex=None, packages_start=None, packages_end=None, allow_overriding=[], cmake_args=None, cmake_target=None, cmake_target_skip_unavailable=False, cmake_clean_cache=False, cmake_clean_first=False, cmake_force_configure=False, ament_cmake_args=None, catkin_cmake_args=None, catkin_skip_building_tests=False, mixin_files=None, mixin=None, verb_parser=<colcon_mixin.mixin.mixin_argument.MixinArgumentDecorator object at 0x76b3d12a1580>, verb_extension=<colcon_core.verb.build.BuildVerb object at 0x76b3d13c5eb0>, main=<bound method BuildVerb.main of <colcon_core.verb.build.BuildVerb object at 0x76b3d13c5eb0>>, mixin_verb=('build',))
[0.254s] Level 1:colcon.colcon_core.package_discovery:discover_packages(colcon_meta) check parameters
[0.254s] Level 1:colcon.colcon_core.package_discovery:discover_packages(recursive) check parameters
[0.254s] Level 1:colcon.colcon_core.package_discovery:discover_packages(ignore) check parameters
[0.254s] Level 1:colcon.colcon_core.package_discovery:discover_packages(path) check parameters
[0.254s] Level 1:colcon.colcon_core.package_discovery:discover_packages(colcon_meta) discover
[0.255s] Level 1:colcon.colcon_core.package_discovery:discover_packages(recursive) discover
[0.255s] INFO:colcon.colcon_core.package_discovery:Crawling recursively for packages in '/home/felix/Schreibtisch/projects/ros2_homework_1'
[0.255s] Level 1:colcon.colcon_core.package_identification:_identify(.) by extensions ['ignore', 'ignore_ament_install']
[0.255s] Level 1:colcon.colcon_core.package_identification:_identify(.) by extension 'ignore'
[0.255s] Level 1:colcon.colcon_core.package_identification:_identify(.) by extension 'ignore_ament_install'
[0.255s] Level 1:colcon.colcon_core.package_identification:_identify(.) by extensions ['colcon_pkg']
[0.255s] Level 1:colcon.colcon_core.package_identification:_identify(.) by extension 'colcon_pkg'
[0.255s] Level 1:colcon.colcon_core.package_identification:_identify(.) by extensions ['colcon_meta']
[0.255s] Level 1:colcon.colcon_core.package_identification:_identify(.) by extension 'colcon_meta'
[0.256s] Level 1:colcon.colcon_core.package_identification:_identify(.) by extensions ['ros']
[0.256s] Level 1:colcon.colcon_core.package_identification:_identify(.) by extension 'ros'
[0.287s] Level 1:colcon.colcon_core.package_identification:_identify(.) by extensions ['cmake', 'python']
[0.287s] Level 1:colcon.colcon_core.package_identification:_identify(.) by extension 'cmake'
[0.287s] Level 1:colcon.colcon_core.package_identification:_identify(.) by extension 'python'
[0.287s] Level 1:colcon.colcon_core.package_identification:_identify(.) by extensions ['python_setup_py']
[0.287s] Level 1:colcon.colcon_core.package_identification:_identify(.) by extension 'python_setup_py'
[0.288s] Level 1:colcon.colcon_core.package_identification:_identify(build) by extensions ['ignore', 'ignore_ament_install']
[0.288s] Level 1:colcon.colcon_core.package_identification:_identify(build) by extension 'ignore'
[0.288s] Level 1:colcon.colcon_core.package_identification:_identify(build) ignored
[0.288s] Level 1:colcon.colcon_core.package_identification:_identify(install) by extensions ['ignore', 'ignore_ament_install']
[0.288s] Level 1:colcon.colcon_core.package_identification:_identify(install) by extension 'ignore'
[0.288s] Level 1:colcon.colcon_core.package_identification:_identify(install) ignored
[0.289s] Level 1:colcon.colcon_core.package_identification:_identify(log) by extensions ['ignore', 'ignore_ament_install']
[0.289s] Level 1:colcon.colcon_core.package_identification:_identify(log) by extension 'ignore'
[0.289s] Level 1:colcon.colcon_core.package_identification:_identify(log) ignored
[0.289s] Level 1:colcon.colcon_core.package_identification:_identify(src) by extensions ['ignore', 'ignore_ament_install']
[0.289s] Level 1:colcon.colcon_core.package_identification:_identify(src) by extension 'ignore'
[0.289s] Level 1:colcon.colcon_core.package_identification:_identify(src) by extension 'ignore_ament_install'
[0.289s] Level 1:colcon.colcon_core.package_identification:_identify(src) by extensions ['colcon_pkg']
[0.289s] Level 1:colcon.colcon_core.package_identification:_identify(src) by extension 'colcon_pkg'
[0.290s] Level 1:colcon.colcon_core.package_identification:_identify(src) by extensions ['colcon_meta']
[0.290s] Level 1:colcon.colcon_core.package_identification:_identify(src) by extension 'colcon_meta'
[0.290s] Level 1:colcon.colcon_core.package_identification:_identify(src) by extensions ['ros']
[0.290s] Level 1:colcon.colcon_core.package_identification:_identify(src) by extension 'ros'
[0.290s] Level 1:colcon.colcon_core.package_identification:_identify(src) by extensions ['cmake', 'python']
[0.290s] Level 1:colcon.colcon_core.package_identification:_identify(src) by extension 'cmake'
[0.290s] Level 1:colcon.colcon_core.package_identification:_identify(src) by extension 'python'
[0.290s] Level 1:colcon.colcon_core.package_identification:_identify(src) by extensions ['python_setup_py']
[0.290s] Level 1:colcon.colcon_core.package_identification:_identify(src) by extension 'python_setup_py'
[0.290s] Level 1:colcon.colcon_core.package_identification:_identify(src/fake_robot) by extensions ['ignore', 'ignore_ament_install']
[0.291s] Level 1:colcon.colcon_core.package_identification:_identify(src/fake_robot) by extension 'ignore'
[0.291s] Level 1:colcon.colcon_core.package_identification:_identify(src/fake_robot) by extension 'ignore_ament_install'
[0.291s] Level 1:colcon.colcon_core.package_identification:_identify(src/fake_robot) by extensions ['colcon_pkg']
[0.291s] Level 1:colcon.colcon_core.package_identification:_identify(src/fake_robot) by extension 'colcon_pkg'
[0.291s] Level 1:colcon.colcon_core.package_identification:_identify(src/fake_robot) by extensions ['colcon_meta']
[0.291s] Level 1:colcon.colcon_core.package_identification:_identify(src/fake_robot) by extension 'colcon_meta'
[0.291s] Level 1:colcon.colcon_core.package_identification:_identify(src/fake_robot) by extensions ['ros']
[0.291s] Level 1:colcon.colcon_core.package_identification:_identify(src/fake_robot) by extension 'ros'
[0.294s] DEBUG:colcon.colcon_core.package_identification:Package 'src/fake_robot' with type 'ros.ament_cmake' and name 'fake_robot'
[0.294s] Level 1:colcon.colcon_core.package_identification:_identify(src/kalman_positioning) by extensions ['ignore', 'ignore_ament_install']
[0.295s] Level 1:colcon.colcon_core.package_identification:_identify(src/kalman_positioning) by extension 'ignore'
[0.295s] Level 1:colcon.colcon_core.package_identification:_identify(src/kalman_positioning) by extension 'ignore_ament_install'
[0.295s] Level 1:colcon.colcon_core.package_identification:_identify(src/kalman_positioning) by extensions ['colcon_pkg']
[0.295s] Level 1:colcon.colcon_core.package_identification:_identify(src/kalman_positioning) by extension 'colcon_pkg'
[0.295s] Level 1:colcon.colcon_core.package_identification:_identify(src/kalman_positioning) by extensions ['colcon_meta']
[0.295s] Level 1:colcon.colcon_core.package_identification:_identify(src/kalman_positioning) by extension 'colcon_meta'
[0.295s] Level 1:colcon.colcon_core.package_identification:_identify(src/kalman_positioning) by extensions ['ros']
[0.295s] Level 1:colcon.colcon_core.package_identification:_identify(src/kalman_positioning) by extension 'ros'
[0.296s] DEBUG:colcon.colcon_core.package_identification:Package 'src/kalman_positioning' with type 'ros.ament_python' and name 'kalman_positioning'
[0.296s] Level 1:colcon.colcon_core.package_discovery:discover_packages(recursive) using defaults
[0.296s] Level 1:colcon.colcon_core.package_discovery:discover_packages(ignore) discover
[0.296s] Level 1:colcon.colcon_core.package_discovery:discover_packages(ignore) using defaults
[0.296s] Level 1:colcon.colcon_core.package_discovery:discover_packages(path) discover
[0.296s] Level 1:colcon.colcon_core.package_discovery:discover_packages(path) using defaults
[0.317s] Level 1:colcon.colcon_core.package_discovery:discover_packages(prefix_path) check parameters
[0.317s] Level 1:colcon.colcon_core.package_discovery:discover_packages(prefix_path) discover
[0.320s] DEBUG:colcon.colcon_installed_package_information.package_discovery:Found 322 installed packages in /opt/ros/kilted
[0.322s] Level 1:colcon.colcon_core.package_discovery:discover_packages(prefix_path) using defaults
[0.384s] Level 5:colcon.colcon_core.verb:set package 'fake_robot' build argument 'cmake_args' from command line to 'None'
[0.385s] Level 5:colcon.colcon_core.verb:set package 'fake_robot' build argument 'cmake_target' from command line to 'None'
[0.385s] Level 5:colcon.colcon_core.verb:set package 'fake_robot' build argument 'cmake_target_skip_unavailable' from command line to 'False'
[0.385s] Level 5:colcon.colcon_core.verb:set package 'fake_robot' build argument 'cmake_clean_cache' from command line to 'False'
[0.385s] Level 5:colcon.colcon_core.verb:set package 'fake_robot' build argument 'cmake_clean_first' from command line to 'False'
[0.385s] Level 5:colcon.colcon_core.verb:set package 'fake_robot' build argument 'cmake_force_configure' from command line to 'False'
[0.385s] Level 5:colcon.colcon_core.verb:set package 'fake_robot' build argument 'ament_cmake_args' from command line to 'None'
[0.385s] Level 5:colcon.colcon_core.verb:set package 'fake_robot' build argument 'catkin_cmake_args' from command line to 'None'
[0.385s] Level 5:colcon.colcon_core.verb:set package 'fake_robot' build argument 'catkin_skip_building_tests' from command line to 'False'
[0.385s] DEBUG:colcon.colcon_core.verb:Building package 'fake_robot' with the following arguments: {'ament_cmake_args': None, 'build_base': '/home/felix/Schreibtisch/projects/ros2_homework_1/build/fake_robot', 'catkin_cmake_args': None, 'catkin_skip_building_tests': False, 'cmake_args': None, 'cmake_clean_cache': False, 'cmake_clean_first': False, 'cmake_force_configure': False, 'cmake_target': None, 'cmake_target_skip_unavailable': False, 'install_base': '/home/felix/Schreibtisch/projects/ros2_homework_1/install/fake_robot', 'merge_install': False, 'path': '/home/felix/Schreibtisch/projects/ros2_homework_1/src/fake_robot', 'symlink_install': False, 'test_result_base': None}
[0.385s] Level 5:colcon.colcon_core.verb:set package 'kalman_positioning' build argument 'cmake_args' from command line to 'None'
[0.386s] Level 5:colcon.colcon_core.verb:set package 'kalman_positioning' build argument 'cmake_target' from command line to 'None'
[0.386s] Level 5:colcon.colcon_core.verb:set package 'kalman_positioning' build argument 'cmake_target_skip_unavailable' from command line to 'False'
[0.386s] Level 5:colcon.colcon_core.verb:set package 'kalman_positioning' build argument 'cmake_clean_cache' from command line to 'False'
[0.386s] Level 5:colcon.colcon_core.verb:set package 'kalman_positioning' build argument 'cmake_clean_first' from command line to 'False'
[0.386s] Level 5:colcon.colcon_core.verb:set package 'kalman_positioning' build argument 'cmake_force_configure' from command line to 'False'
[0.386s] Level 5:colcon.colcon_core.verb:set package 'kalman_positioning' build argument 'ament_cmake_args' from command line to 'None'
[0.386s] Level 5:colcon.colcon_core.verb:set package 'kalman_positioning' build argument 'catkin_cmake_args' from command line to 'None'
[0.386s] Level 5:colcon.colcon_core.verb:set package 'kalman_positioning' build argument 'catkin_skip_building_tests' from command line to 'False'
[0.386s] DEBUG:colcon.colcon_core.verb:Building package 'kalman_positioning' with the following arguments: {'ament_cmake_args': None, 'build_base': '/home/felix/Schreibtisch/projects/ros2_homework_1/build/kalman_positioning', 'catkin_cmake_args': None, 'catkin_skip_building_tests': False, 'cmake_args': None, 'cmake_clean_cache': False, 'cmake_clean_first': False, 'cmake_force_configure': False, 'cmake_target': None, 'cmake_target_skip_unavailable': False, 'install_base': '/home/felix/Schreibtisch/projects/ros2_homework_1/install/kalman_positioning', 'merge_install': False, 'path': '/home/felix/Schreibtisch/projects/ros2_homework_1/src/kalman_positioning', 'symlink_install': False, 'test_result_base': None}
[0.386s] INFO:colcon.colcon_core.executor:Executing jobs using 'parallel' executor
[0.387s] DEBUG:colcon.colcon_parallel_executor.executor.parallel:run_until_complete
[0.388s] INFO:colcon.colcon_ros.task.ament_cmake.build:Building ROS package in '/home/felix/Schreibtisch/projects/ros2_homework_1/src/fake_robot' with build type 'ament_cmake'
[0.388s] INFO:colcon.colcon_cmake.task.cmake.build:Building CMake package in '/home/felix/Schreibtisch/projects/ros2_homework_1/src/fake_robot'
[0.390s] INFO:colcon.colcon_core.plugin_system:Skipping extension 'colcon_core.shell.bat': Not used on non-Windows systems
[0.390s] INFO:colcon.colcon_core.shell:Skip shell extension 'powershell' for command environment: Not usable outside of PowerShell
[0.391s] DEBUG:colcon.colcon_core.shell:Skip shell extension 'dsv' for command environment
[0.395s] INFO:colcon.colcon_ros.task.ament_python.build:Building ROS package in '/home/felix/Schreibtisch/projects/ros2_homework_1/src/kalman_positioning' with build type 'ament_python'
[0.395s] Level 1:colcon.colcon_core.shell:create_environment_hook('kalman_positioning', 'ament_prefix_path')
[0.396s] INFO:colcon.colcon_core.shell:Creating environment hook '/home/felix/Schreibtisch/projects/ros2_homework_1/install/kalman_positioning/share/kalman_positioning/hook/ament_prefix_path.ps1'
[0.397s] INFO:colcon.colcon_core.shell:Creating environment descriptor '/home/felix/Schreibtisch/projects/ros2_homework_1/install/kalman_positioning/share/kalman_positioning/hook/ament_prefix_path.dsv'
[0.398s] INFO:colcon.colcon_core.shell:Creating environment hook '/home/felix/Schreibtisch/projects/ros2_homework_1/install/kalman_positioning/share/kalman_positioning/hook/ament_prefix_path.sh'
[0.399s] INFO:colcon.colcon_core.shell:Skip shell extension 'powershell' for command environment: Not usable outside of PowerShell
[0.399s] DEBUG:colcon.colcon_core.shell:Skip shell extension 'dsv' for command environment
[0.419s] DEBUG:colcon.colcon_core.event_handler.log_command:Invoking command in '/home/felix/Schreibtisch/projects/ros2_homework_1/build/fake_robot': CMAKE_PREFIX_PATH=${CMAKE_PREFIX_PATH}:/opt/ros/kilted /usr/bin/cmake --build /home/felix/Schreibtisch/projects/ros2_homework_1/build/fake_robot -- -j4 -l4
[0.856s] INFO:colcon.colcon_core.task.python.build:Building Python package in '/home/felix/Schreibtisch/projects/ros2_homework_1/src/kalman_positioning'
[0.857s] INFO:colcon.colcon_core.shell:Skip shell extension 'powershell' for command environment: Not usable outside of PowerShell
[0.857s] DEBUG:colcon.colcon_core.shell:Skip shell extension 'dsv' for command environment
[0.863s] DEBUG:colcon.colcon_core.event_handler.log_command:Invoked command in '/home/felix/Schreibtisch/projects/ros2_homework_1/build/fake_robot' returned '0': CMAKE_PREFIX_PATH=${CMAKE_PREFIX_PATH}:/opt/ros/kilted /usr/bin/cmake --build /home/felix/Schreibtisch/projects/ros2_homework_1/build/fake_robot -- -j4 -l4
[0.877s] DEBUG:colcon.colcon_core.event_handler.log_command:Invoking command in '/home/felix/Schreibtisch/projects/ros2_homework_1/build/fake_robot': CMAKE_PREFIX_PATH=${CMAKE_PREFIX_PATH}:/opt/ros/kilted /usr/bin/cmake --install /home/felix/Schreibtisch/projects/ros2_homework_1/build/fake_robot
[0.930s] Level 1:colcon.colcon_core.environment:create_environment_scripts_only(fake_robot)
[0.933s] DEBUG:colcon.colcon_core.event_handler.log_command:Invoked command in '/home/felix/Schreibtisch/projects/ros2_homework_1/build/fake_robot' returned '0': CMAKE_PREFIX_PATH=${CMAKE_PREFIX_PATH}:/opt/ros/kilted /usr/bin/cmake --install /home/felix/Schreibtisch/projects/ros2_homework_1/build/fake_robot
[0.937s] Level 1:colcon.colcon_core.environment:checking '/home/felix/Schreibtisch/projects/ros2_homework_1/install/fake_robot' for CMake module files
[0.938s] Level 1:colcon.colcon_core.environment:checking '/home/felix/Schreibtisch/projects/ros2_homework_1/install/fake_robot' for CMake config files
[0.939s] Level 1:colcon.colcon_core.shell:create_environment_hook('fake_robot', 'cmake_prefix_path')
[0.939s] INFO:colcon.colcon_core.shell:Creating environment hook '/home/felix/Schreibtisch/projects/ros2_homework_1/install/fake_robot/share/fake_robot/hook/cmake_prefix_path.ps1'
[0.939s] INFO:colcon.colcon_core.shell:Creating environment descriptor '/home/felix/Schreibtisch/projects/ros2_homework_1/install/fake_robot/share/fake_robot/hook/cmake_prefix_path.dsv'
[0.940s] INFO:colcon.colcon_core.shell:Creating environment hook '/home/felix/Schreibtisch/projects/ros2_homework_1/install/fake_robot/share/fake_robot/hook/cmake_prefix_path.sh'
[0.941s] Level 1:colcon.colcon_core.environment:checking '/home/felix/Schreibtisch/projects/ros2_homework_1/install/fake_robot/lib'
[0.941s] Level 1:colcon.colcon_core.environment:checking '/home/felix/Schreibtisch/projects/ros2_homework_1/install/fake_robot/bin'
[0.941s] Level 1:colcon.colcon_core.environment:checking '/home/felix/Schreibtisch/projects/ros2_homework_1/install/fake_robot/lib/pkgconfig/fake_robot.pc'
[0.941s] Level 1:colcon.colcon_core.environment:checking '/home/felix/Schreibtisch/projects/ros2_homework_1/install/fake_robot/lib/python3.12/site-packages'
[0.942s] Level 1:colcon.colcon_core.environment:checking '/home/felix/Schreibtisch/projects/ros2_homework_1/install/fake_robot/bin'
[0.942s] INFO:colcon.colcon_core.shell:Creating package script '/home/felix/Schreibtisch/projects/ros2_homework_1/install/fake_robot/share/fake_robot/package.ps1'
[0.943s] INFO:colcon.colcon_core.shell:Creating package descriptor '/home/felix/Schreibtisch/projects/ros2_homework_1/install/fake_robot/share/fake_robot/package.dsv'
[0.944s] INFO:colcon.colcon_core.shell:Creating package script '/home/felix/Schreibtisch/projects/ros2_homework_1/install/fake_robot/share/fake_robot/package.sh'
[0.945s] INFO:colcon.colcon_core.shell:Creating package script '/home/felix/Schreibtisch/projects/ros2_homework_1/install/fake_robot/share/fake_robot/package.bash'
[0.946s] INFO:colcon.colcon_core.shell:Creating package script '/home/felix/Schreibtisch/projects/ros2_homework_1/install/fake_robot/share/fake_robot/package.zsh'
[0.947s] Level 1:colcon.colcon_core.environment:create_file_with_runtime_dependencies(/home/felix/Schreibtisch/projects/ros2_homework_1/install/fake_robot/share/colcon-core/packages/fake_robot)
[0.948s] Level 1:colcon.colcon_core.environment:create_environment_scripts_only(fake_robot)
[0.948s] Level 1:colcon.colcon_core.environment:checking '/home/felix/Schreibtisch/projects/ros2_homework_1/install/fake_robot' for CMake module files
[0.949s] Level 1:colcon.colcon_core.environment:checking '/home/felix/Schreibtisch/projects/ros2_homework_1/install/fake_robot' for CMake config files
[0.949s] Level 1:colcon.colcon_core.shell:create_environment_hook('fake_robot', 'cmake_prefix_path')
[0.949s] INFO:colcon.colcon_core.shell:Creating environment hook '/home/felix/Schreibtisch/projects/ros2_homework_1/install/fake_robot/share/fake_robot/hook/cmake_prefix_path.ps1'
[0.950s] INFO:colcon.colcon_core.shell:Creating environment descriptor '/home/felix/Schreibtisch/projects/ros2_homework_1/install/fake_robot/share/fake_robot/hook/cmake_prefix_path.dsv'
[0.951s] INFO:colcon.colcon_core.shell:Creating environment hook '/home/felix/Schreibtisch/projects/ros2_homework_1/install/fake_robot/share/fake_robot/hook/cmake_prefix_path.sh'
[0.952s] Level 1:colcon.colcon_core.environment:checking '/home/felix/Schreibtisch/projects/ros2_homework_1/install/fake_robot/lib'
[0.952s] Level 1:colcon.colcon_core.environment:checking '/home/felix/Schreibtisch/projects/ros2_homework_1/install/fake_robot/bin'
[0.952s] Level 1:colcon.colcon_core.environment:checking '/home/felix/Schreibtisch/projects/ros2_homework_1/install/fake_robot/lib/pkgconfig/fake_robot.pc'
[0.952s] Level 1:colcon.colcon_core.environment:checking '/home/felix/Schreibtisch/projects/ros2_homework_1/install/fake_robot/lib/python3.12/site-packages'
[0.953s] Level 1:colcon.colcon_core.environment:checking '/home/felix/Schreibtisch/projects/ros2_homework_1/install/fake_robot/bin'
[0.953s] INFO:colcon.colcon_core.shell:Creating package script '/home/felix/Schreibtisch/projects/ros2_homework_1/install/fake_robot/share/fake_robot/package.ps1'
[0.954s] INFO:colcon.colcon_core.shell:Creating package descriptor '/home/felix/Schreibtisch/projects/ros2_homework_1/install/fake_robot/share/fake_robot/package.dsv'
[0.955s] INFO:colcon.colcon_core.shell:Creating package script '/home/felix/Schreibtisch/projects/ros2_homework_1/install/fake_robot/share/fake_robot/package.sh'
[0.955s] INFO:colcon.colcon_core.shell:Creating package script '/home/felix/Schreibtisch/projects/ros2_homework_1/install/fake_robot/share/fake_robot/package.bash'
[0.956s] INFO:colcon.colcon_core.shell:Creating package script '/home/felix/Schreibtisch/projects/ros2_homework_1/install/fake_robot/share/fake_robot/package.zsh'
[0.957s] Level 1:colcon.colcon_core.environment:create_file_with_runtime_dependencies(/home/felix/Schreibtisch/projects/ros2_homework_1/install/fake_robot/share/colcon-core/packages/fake_robot)
[1.865s] DEBUG:colcon.colcon_core.event_handler.log_command:Invoking command in '/home/felix/Schreibtisch/projects/ros2_homework_1/src/kalman_positioning': PYTHONPATH=/home/felix/Schreibtisch/projects/ros2_homework_1/build/kalman_positioning/prefix_override:/usr/lib/python3/dist-packages/colcon_core/task/python/colcon_distutils_commands:/home/felix/Schreibtisch/projects/ros2_homework_1/install/kalman_positioning/lib/python3.12/site-packages:${PYTHONPATH} /usr/bin/python3 -W ignore:setup.py install is deprecated -W ignore:easy_install command is deprecated setup.py egg_info --egg-base ../../build/kalman_positioning build --build-base /home/felix/Schreibtisch/projects/ros2_homework_1/build/kalman_positioning/build install --record /home/felix/Schreibtisch/projects/ros2_homework_1/build/kalman_positioning/install.log --single-version-externally-managed install_data
[2.755s] Level 1:colcon.colcon_core.environment:checking '/home/felix/Schreibtisch/projects/ros2_homework_1/install/kalman_positioning' for CMake module files
[2.756s] DEBUG:colcon.colcon_core.event_handler.log_command:Invoked command in '/home/felix/Schreibtisch/projects/ros2_homework_1/src/kalman_positioning' returned '0': PYTHONPATH=/home/felix/Schreibtisch/projects/ros2_homework_1/build/kalman_positioning/prefix_override:/usr/lib/python3/dist-packages/colcon_core/task/python/colcon_distutils_commands:/home/felix/Schreibtisch/projects/ros2_homework_1/install/kalman_positioning/lib/python3.12/site-packages:${PYTHONPATH} /usr/bin/python3 -W ignore:setup.py install is deprecated -W ignore:easy_install command is deprecated setup.py egg_info --egg-base ../../build/kalman_positioning build --build-base /home/felix/Schreibtisch/projects/ros2_homework_1/build/kalman_positioning/build install --record /home/felix/Schreibtisch/projects/ros2_homework_1/build/kalman_positioning/install.log --single-version-externally-managed install_data
[2.757s] Level 1:colcon.colcon_core.environment:checking '/home/felix/Schreibtisch/projects/ros2_homework_1/install/kalman_positioning' for CMake config files
[2.759s] Level 1:colcon.colcon_core.environment:checking '/home/felix/Schreibtisch/projects/ros2_homework_1/install/kalman_positioning/lib'
[2.759s] Level 1:colcon.colcon_core.environment:checking '/home/felix/Schreibtisch/projects/ros2_homework_1/install/kalman_positioning/bin'
[2.759s] Level 1:colcon.colcon_core.environment:checking '/home/felix/Schreibtisch/projects/ros2_homework_1/install/kalman_positioning/lib/pkgconfig/kalman_positioning.pc'
[2.759s] Level 1:colcon.colcon_core.environment:checking '/home/felix/Schreibtisch/projects/ros2_homework_1/install/kalman_positioning/lib/python3.12/site-packages'
[2.760s] Level 1:colcon.colcon_core.shell:create_environment_hook('kalman_positioning', 'pythonpath')
[2.760s] INFO:colcon.colcon_core.shell:Creating environment hook '/home/felix/Schreibtisch/projects/ros2_homework_1/install/kalman_positioning/share/kalman_positioning/hook/pythonpath.ps1'
[2.760s] INFO:colcon.colcon_core.shell:Creating environment descriptor '/home/felix/Schreibtisch/projects/ros2_homework_1/install/kalman_positioning/share/kalman_positioning/hook/pythonpath.dsv'
[2.761s] INFO:colcon.colcon_core.shell:Creating environment hook '/home/felix/Schreibtisch/projects/ros2_homework_1/install/kalman_positioning/share/kalman_positioning/hook/pythonpath.sh'
[2.762s] Level 1:colcon.colcon_core.environment:checking '/home/felix/Schreibtisch/projects/ros2_homework_1/install/kalman_positioning/bin'
[2.762s] Level 1:colcon.colcon_core.environment:create_environment_scripts_only(kalman_positioning)
[2.762s] INFO:colcon.colcon_core.shell:Creating package script '/home/felix/Schreibtisch/projects/ros2_homework_1/install/kalman_positioning/share/kalman_positioning/package.ps1'
[2.763s] INFO:colcon.colcon_core.shell:Creating package descriptor '/home/felix/Schreibtisch/projects/ros2_homework_1/install/kalman_positioning/share/kalman_positioning/package.dsv'
[2.763s] INFO:colcon.colcon_core.shell:Creating package script '/home/felix/Schreibtisch/projects/ros2_homework_1/install/kalman_positioning/share/kalman_positioning/package.sh'
[2.764s] INFO:colcon.colcon_core.shell:Creating package script '/home/felix/Schreibtisch/projects/ros2_homework_1/install/kalman_positioning/share/kalman_positioning/package.bash'
[2.764s] INFO:colcon.colcon_core.shell:Creating package script '/home/felix/Schreibtisch/projects/ros2_homework_1/install/kalman_positioning/share/kalman_positioning/package.zsh'
[2.765s] Level 1:colcon.colcon_core.environment:create_file_with_runtime_dependencies(/home/felix/Schreibtisch/projects/ros2_homework_1/install/kalman_positioning/share/colcon-core/packages/kalman_positioning)
[2.765s] DEBUG:colcon.colcon_parallel_executor.executor.parallel:closing loop
[2.765s] DEBUG:colcon.colcon_parallel_executor.executor.parallel:loop closed
[2.765s] DEBUG:colcon.colcon_parallel_executor.executor.parallel:run_until_complete finished with '0'
[2.766s] DEBUG:colcon.colcon_core.event_reactor:joining thread
[2.773s] INFO:colcon.colcon_core.plugin_system:Skipping extension 'colcon_notification.desktop_notification.terminal_notifier': Not used on non-Darwin systems
[2.773s] INFO:colcon.colcon_core.plugin_system:Skipping extension 'colcon_notification.desktop_notification.win32': Not used on non-Windows systems
[2.773s] INFO:colcon.colcon_notification.desktop_notification:Sending desktop notification using 'notify2'
[2.807s] DEBUG:colcon.colcon_core.event_reactor:joined thread
[2.807s] INFO:colcon.colcon_core.shell:Creating prefix script '/home/felix/Schreibtisch/projects/ros2_homework_1/install/local_setup.ps1'
[2.809s] INFO:colcon.colcon_core.shell:Creating prefix util module '/home/felix/Schreibtisch/projects/ros2_homework_1/install/_local_setup_util_ps1.py'
[2.810s] INFO:colcon.colcon_core.shell:Creating prefix chain script '/home/felix/Schreibtisch/projects/ros2_homework_1/install/setup.ps1'
[2.812s] INFO:colcon.colcon_core.shell:Creating prefix script '/home/felix/Schreibtisch/projects/ros2_homework_1/install/local_setup.sh'
[2.815s] INFO:colcon.colcon_core.shell:Creating prefix util module '/home/felix/Schreibtisch/projects/ros2_homework_1/install/_local_setup_util_sh.py'
[2.816s] INFO:colcon.colcon_core.shell:Creating prefix chain script '/home/felix/Schreibtisch/projects/ros2_homework_1/install/setup.sh'
[2.817s] INFO:colcon.colcon_core.shell:Creating prefix script '/home/felix/Schreibtisch/projects/ros2_homework_1/install/local_setup.bash'
[2.817s] INFO:colcon.colcon_core.shell:Creating prefix chain script '/home/felix/Schreibtisch/projects/ros2_homework_1/install/setup.bash'
[2.820s] INFO:colcon.colcon_core.shell:Creating prefix script '/home/felix/Schreibtisch/projects/ros2_homework_1/install/local_setup.zsh'
[2.821s] INFO:colcon.colcon_core.shell:Creating prefix chain script '/home/felix/Schreibtisch/projects/ros2_homework_1/install/setup.zsh'
