[0.198s] DEBUG:colcon:Command line arguments: ['/usr/bin/colcon', 'build']
[0.199s] DEBUG:colcon:Parsed command line arguments: Namespace(log_base=None, log_level=None, verb_name='build', build_base='build', install_base='install', merge_install=False, symlink_install=False, test_result_base=None, continue_on_error=False, executor='parallel', parallel_workers=4, event_handlers=None, ignore_user_meta=False, metas=['./colcon.meta'], base_paths=['.'], packages_ignore=None, packages_ignore_regex=None, paths=None, packages_up_to=None, packages_up_to_regex=None, packages_above=None, packages_above_and_dependencies=None, packages_above_depth=None, packages_select_by_dep=None, packages_skip_by_dep=None, packages_skip_up_to=None, packages_select_build_failed=False, packages_skip_build_finished=False, packages_select_test_failures=False, packages_skip_test_passed=False, packages_select=None, packages_skip=None, packages_select_regex=None, packages_skip_regex=None, packages_start=None, packages_end=None, allow_overriding=[], cmake_args=None, cmake_target=None, cmake_target_skip_unavailable=False, cmake_clean_cache=False, cmake_clean_first=False, cmake_force_configure=False, ament_cmake_args=None, catkin_cmake_args=None, catkin_skip_building_tests=False, mixin_files=None, mixin=None, verb_parser=<colcon_mixin.mixin.mixin_argument.MixinArgumentDecorator object at 0x7f20bfb91940>, verb_extension=<colcon_core.verb.build.BuildVerb object at 0x7f20bfcb1fd0>, main=<bound method BuildVerb.main of <colcon_core.verb.build.BuildVerb object at 0x7f20bfcb1fd0>>, mixin_verb=('build',))
[0.246s] Level 1:colcon.colcon_core.package_discovery:discover_packages(colcon_meta) check parameters
[0.246s] Level 1:colcon.colcon_core.package_discovery:discover_packages(recursive) check parameters
[0.246s] Level 1:colcon.colcon_core.package_discovery:discover_packages(ignore) check parameters
[0.246s] Level 1:colcon.colcon_core.package_discovery:discover_packages(path) check parameters
[0.246s] Level 1:colcon.colcon_core.package_discovery:discover_packages(colcon_meta) discover
[0.246s] Level 1:colcon.colcon_core.package_discovery:discover_packages(recursive) discover
[0.246s] INFO:colcon.colcon_core.package_discovery:Crawling recursively for packages in '/home/felix/Schreibtisch/projects/ros2_homework_1'
[0.246s] Level 1:colcon.colcon_core.package_identification:_identify(.) by extensions ['ignore', 'ignore_ament_install']
[0.246s] Level 1:colcon.colcon_core.package_identification:_identify(.) by extension 'ignore'
[0.247s] Level 1:colcon.colcon_core.package_identification:_identify(.) by extension 'ignore_ament_install'
[0.247s] Level 1:colcon.colcon_core.package_identification:_identify(.) by extensions ['colcon_pkg']
[0.247s] Level 1:colcon.colcon_core.package_identification:_identify(.) by extension 'colcon_pkg'
[0.247s] Level 1:colcon.colcon_core.package_identification:_identify(.) by extensions ['colcon_meta']
[0.247s] Level 1:colcon.colcon_core.package_identification:_identify(.) by extension 'colcon_meta'
[0.247s] Level 1:colcon.colcon_core.package_identification:_identify(.) by extensions ['ros']
[0.247s] Level 1:colcon.colcon_core.package_identification:_identify(.) by extension 'ros'
[0.279s] Level 1:colcon.colcon_core.package_identification:_identify(.) by extensions ['cmake', 'python']
[0.279s] Level 1:colcon.colcon_core.package_identification:_identify(.) by extension 'cmake'
[0.279s] Level 1:colcon.colcon_core.package_identification:_identify(.) by extension 'python'
[0.279s] Level 1:colcon.colcon_core.package_identification:_identify(.) by extensions ['python_setup_py']
[0.279s] Level 1:colcon.colcon_core.package_identification:_identify(.) by extension 'python_setup_py'
[0.279s] Level 1:colcon.colcon_core.package_identification:_identify(build) by extensions ['ignore', 'ignore_ament_install']
[0.279s] Level 1:colcon.colcon_core.package_identification:_identify(build) by extension 'ignore'
[0.280s] Level 1:colcon.colcon_core.package_identification:_identify(build) ignored
[0.280s] Level 1:colcon.colcon_core.package_identification:_identify(install) by extensions ['ignore', 'ignore_ament_install']
[0.280s] Level 1:colcon.colcon_core.package_identification:_identify(install) by extension 'ignore'
[0.280s] Level 1:colcon.colcon_core.package_identification:_identify(install) ignored
[0.280s] Level 1:colcon.colcon_core.package_identification:_identify(log) by extensions ['ignore', 'ignore_ament_install']
[0.280s] Level 1:colcon.colcon_core.package_identification:_identify(log) by extension 'ignore'
[0.281s] Level 1:colcon.colcon_core.package_identification:_identify(log) ignored
[0.281s] Level 1:colcon.colcon_core.package_identification:_identify(src) by extensions ['ignore', 'ignore_ament_install']
[0.281s] Level 1:colcon.colcon_core.package_identification:_identify(src) by extension 'ignore'
[0.281s] Level 1:colcon.colcon_core.package_identification:_identify(src) by extension 'ignore_ament_install'
[0.281s] Level 1:colcon.colcon_core.package_identification:_identify(src) by extensions ['colcon_pkg']
[0.281s] Level 1:colcon.colcon_core.package_identification:_identify(src) by extension 'colcon_pkg'
[0.281s] Level 1:colcon.colcon_core.package_identification:_identify(src) by extensions ['colcon_meta']
[0.281s] Level 1:colcon.colcon_core.package_identification:_identify(src) by extension 'colcon_meta'
[0.281s] Level 1:colcon.colcon_core.package_identification:_identify(src) by extensions ['ros']
[0.281s] Level 1:colcon.colcon_core.package_identification:_identify(src) by extension 'ros'
[0.282s] Level 1:colcon.colcon_core.package_identification:_identify(src) by extensions ['cmake', 'python']
[0.282s] Level 1:colcon.colcon_core.package_identification:_identify(src) by extension 'cmake'
[0.282s] Level 1:colcon.colcon_core.package_identification:_identify(src) by extension 'python'
[0.282s] Level 1:colcon.colcon_core.package_identification:_identify(src) by extensions ['python_setup_py']
[0.282s] Level 1:colcon.colcon_core.package_identification:_identify(src) by extension 'python_setup_py'
[0.282s] Level 1:colcon.colcon_core.package_identification:_identify(src/fake_robot) by extensions ['ignore', 'ignore_ament_install']
[0.282s] Level 1:colcon.colcon_core.package_identification:_identify(src/fake_robot) by extension 'ignore'
[0.282s] Level 1:colcon.colcon_core.package_identification:_identify(src/fake_robot) by extension 'ignore_ament_install'
[0.282s] Level 1:colcon.colcon_core.package_identification:_identify(src/fake_robot) by extensions ['colcon_pkg']
[0.283s] Level 1:colcon.colcon_core.package_identification:_identify(src/fake_robot) by extension 'colcon_pkg'
[0.283s] Level 1:colcon.colcon_core.package_identification:_identify(src/fake_robot) by extensions ['colcon_meta']
[0.283s] Level 1:colcon.colcon_core.package_identification:_identify(src/fake_robot) by extension 'colcon_meta'
[0.283s] Level 1:colcon.colcon_core.package_identification:_identify(src/fake_robot) by extensions ['ros']
[0.283s] Level 1:colcon.colcon_core.package_identification:_identify(src/fake_robot) by extension 'ros'
[0.286s] DEBUG:colcon.colcon_core.package_identification:Package 'src/fake_robot' with type 'ros.ament_cmake' and name 'fake_robot'
[0.286s] Level 1:colcon.colcon_core.package_identification:_identify(src/kalman_positioning) by extensions ['ignore', 'ignore_ament_install']
[0.286s] Level 1:colcon.colcon_core.package_identification:_identify(src/kalman_positioning) by extension 'ignore'
[0.286s] Level 1:colcon.colcon_core.package_identification:_identify(src/kalman_positioning) by extension 'ignore_ament_install'
[0.287s] Level 1:colcon.colcon_core.package_identification:_identify(src/kalman_positioning) by extensions ['colcon_pkg']
[0.287s] Level 1:colcon.colcon_core.package_identification:_identify(src/kalman_positioning) by extension 'colcon_pkg'
[0.287s] Level 1:colcon.colcon_core.package_identification:_identify(src/kalman_positioning) by extensions ['colcon_meta']
[0.287s] Level 1:colcon.colcon_core.package_identification:_identify(src/kalman_positioning) by extension 'colcon_meta'
[0.287s] Level 1:colcon.colcon_core.package_identification:_identify(src/kalman_positioning) by extensions ['ros']
[0.287s] Level 1:colcon.colcon_core.package_identification:_identify(src/kalman_positioning) by extension 'ros'
[0.288s] DEBUG:colcon.colcon_core.package_identification:Package 'src/kalman_positioning' with type 'ros.ament_python' and name 'kalman_positioning_py'
[0.288s] Level 1:colcon.colcon_core.package_discovery:discover_packages(recursive) using defaults
[0.288s] Level 1:colcon.colcon_core.package_discovery:discover_packages(ignore) discover
[0.288s] Level 1:colcon.colcon_core.package_discovery:discover_packages(ignore) using defaults
[0.288s] Level 1:colcon.colcon_core.package_discovery:discover_packages(path) discover
[0.288s] Level 1:colcon.colcon_core.package_discovery:discover_packages(path) using defaults
[0.309s] Level 1:colcon.colcon_core.package_discovery:discover_packages(prefix_path) check parameters
[0.309s] Level 1:colcon.colcon_core.package_discovery:discover_packages(prefix_path) discover
[0.312s] DEBUG:colcon.colcon_installed_package_information.package_discovery:Found 322 installed packages in /opt/ros/kilted
[0.314s] Level 1:colcon.colcon_core.package_discovery:discover_packages(prefix_path) using defaults
[0.376s] Level 5:colcon.colcon_core.verb:set package 'fake_robot' build argument 'cmake_args' from command line to 'None'
[0.377s] Level 5:colcon.colcon_core.verb:set package 'fake_robot' build argument 'cmake_target' from command line to 'None'
[0.377s] Level 5:colcon.colcon_core.verb:set package 'fake_robot' build argument 'cmake_target_skip_unavailable' from command line to 'False'
[0.377s] Level 5:colcon.colcon_core.verb:set package 'fake_robot' build argument 'cmake_clean_cache' from command line to 'False'
[0.377s] Level 5:colcon.colcon_core.verb:set package 'fake_robot' build argument 'cmake_clean_first' from command line to 'False'
[0.377s] Level 5:colcon.colcon_core.verb:set package 'fake_robot' build argument 'cmake_force_configure' from command line to 'False'
[0.377s] Level 5:colcon.colcon_core.verb:set package 'fake_robot' build argument 'ament_cmake_args' from command line to 'None'
[0.377s] Level 5:colcon.colcon_core.verb:set package 'fake_robot' build argument 'catkin_cmake_args' from command line to 'None'
[0.377s] Level 5:colcon.colcon_core.verb:set package 'fake_robot' build argument 'catkin_skip_building_tests' from command line to 'False'
[0.377s] DEBUG:colcon.colcon_core.verb:Building package 'fake_robot' with the following arguments: {'ament_cmake_args': None, 'build_base': '/home/felix/Schreibtisch/projects/ros2_homework_1/build/fake_robot', 'catkin_cmake_args': None, 'catkin_skip_building_tests': False, 'cmake_args': None, 'cmake_clean_cache': False, 'cmake_clean_first': False, 'cmake_force_configure': False, 'cmake_target': None, 'cmake_target_skip_unavailable': False, 'install_base': '/home/felix/Schreibtisch/projects/ros2_homework_1/install/fake_robot', 'merge_install': False, 'path': '/home/felix/Schreibtisch/projects/ros2_homework_1/src/fake_robot', 'symlink_install': False, 'test_result_base': None}
[0.377s] Level 5:colcon.colcon_core.verb:set package 'kalman_positioning_py' build argument 'cmake_args' from command line to 'None'
[0.377s] Level 5:colcon.colcon_core.verb:set package 'kalman_positioning_py' build argument 'cmake_target' from command line to 'None'
[0.378s] Level 5:colcon.colcon_core.verb:set package 'kalman_positioning_py' build argument 'cmake_target_skip_unavailable' from command line to 'False'
[0.378s] Level 5:colcon.colcon_core.verb:set package 'kalman_positioning_py' build argument 'cmake_clean_cache' from command line to 'False'
[0.378s] Level 5:colcon.colcon_core.verb:set package 'kalman_positioning_py' build argument 'cmake_clean_first' from command line to 'False'
[0.378s] Level 5:colcon.colcon_core.verb:set package 'kalman_positioning_py' build argument 'cmake_force_configure' from command line to 'False'
[0.378s] Level 5:colcon.colcon_core.verb:set package 'kalman_positioning_py' build argument 'ament_cmake_args' from command line to 'None'
[0.378s] Level 5:colcon.colcon_core.verb:set package 'kalman_positioning_py' build argument 'catkin_cmake_args' from command line to 'None'
[0.378s] Level 5:colcon.colcon_core.verb:set package 'kalman_positioning_py' build argument 'catkin_skip_building_tests' from command line to 'False'
[0.378s] DEBUG:colcon.colcon_core.verb:Building package 'kalman_positioning_py' with the following arguments: {'ament_cmake_args': None, 'build_base': '/home/felix/Schreibtisch/projects/ros2_homework_1/build/kalman_positioning_py', 'catkin_cmake_args': None, 'catkin_skip_building_tests': False, 'cmake_args': None, 'cmake_clean_cache': False, 'cmake_clean_first': False, 'cmake_force_configure': False, 'cmake_target': None, 'cmake_target_skip_unavailable': False, 'install_base': '/home/felix/Schreibtisch/projects/ros2_homework_1/install/kalman_positioning_py', 'merge_install': False, 'path': '/home/felix/Schreibtisch/projects/ros2_homework_1/src/kalman_positioning', 'symlink_install': False, 'test_result_base': None}
[0.378s] INFO:colcon.colcon_core.executor:Executing jobs using 'parallel' executor
[0.379s] DEBUG:colcon.colcon_parallel_executor.executor.parallel:run_until_complete
[0.380s] INFO:colcon.colcon_ros.task.ament_cmake.build:Building ROS package in '/home/felix/Schreibtisch/projects/ros2_homework_1/src/fake_robot' with build type 'ament_cmake'
[0.380s] INFO:colcon.colcon_cmake.task.cmake.build:Building CMake package in '/home/felix/Schreibtisch/projects/ros2_homework_1/src/fake_robot'
[0.382s] INFO:colcon.colcon_core.plugin_system:Skipping extension 'colcon_core.shell.bat': Not used on non-Windows systems
[0.383s] INFO:colcon.colcon_core.shell:Skip shell extension 'powershell' for command environment: Not usable outside of PowerShell
[0.383s] DEBUG:colcon.colcon_core.shell:Skip shell extension 'dsv' for command environment
[0.387s] INFO:colcon.colcon_ros.task.ament_python.build:Building ROS package in '/home/felix/Schreibtisch/projects/ros2_homework_1/src/kalman_positioning' with build type 'ament_python'
[0.388s] Level 1:colcon.colcon_core.shell:create_environment_hook('kalman_positioning_py', 'ament_prefix_path')
[0.388s] INFO:colcon.colcon_core.shell:Creating environment hook '/home/felix/Schreibtisch/projects/ros2_homework_1/install/kalman_positioning_py/share/kalman_positioning_py/hook/ament_prefix_path.ps1'
[0.389s] INFO:colcon.colcon_core.shell:Creating environment descriptor '/home/felix/Schreibtisch/projects/ros2_homework_1/install/kalman_positioning_py/share/kalman_positioning_py/hook/ament_prefix_path.dsv'
[0.389s] INFO:colcon.colcon_core.shell:Creating environment hook '/home/felix/Schreibtisch/projects/ros2_homework_1/install/kalman_positioning_py/share/kalman_positioning_py/hook/ament_prefix_path.sh'
[0.390s] INFO:colcon.colcon_core.shell:Skip shell extension 'powershell' for command environment: Not usable outside of PowerShell
[0.390s] DEBUG:colcon.colcon_core.shell:Skip shell extension 'dsv' for command environment
[0.402s] DEBUG:colcon.colcon_core.event_handler.log_command:Invoking command in '/home/felix/Schreibtisch/projects/ros2_homework_1/build/fake_robot': CMAKE_PREFIX_PATH=${CMAKE_PREFIX_PATH}:/opt/ros/kilted /usr/bin/cmake /home/felix/Schreibtisch/projects/ros2_homework_1/src/fake_robot -DCMAKE_INSTALL_PREFIX=/home/felix/Schreibtisch/projects/ros2_homework_1/install/fake_robot
[0.934s] INFO:colcon.colcon_core.task.python.build:Building Python package in '/home/felix/Schreibtisch/projects/ros2_homework_1/src/kalman_positioning'
[0.934s] INFO:colcon.colcon_core.shell:Skip shell extension 'powershell' for command environment: Not usable outside of PowerShell
[0.934s] DEBUG:colcon.colcon_core.shell:Skip shell extension 'dsv' for command environment
[1.869s] DEBUG:colcon.colcon_core.event_handler.log_command:Invoked command in '/home/felix/Schreibtisch/projects/ros2_homework_1/build/fake_robot' returned '0': CMAKE_PREFIX_PATH=${CMAKE_PREFIX_PATH}:/opt/ros/kilted /usr/bin/cmake /home/felix/Schreibtisch/projects/ros2_homework_1/src/fake_robot -DCMAKE_INSTALL_PREFIX=/home/felix/Schreibtisch/projects/ros2_homework_1/install/fake_robot
[1.872s] DEBUG:colcon.colcon_core.event_handler.log_command:Invoking command in '/home/felix/Schreibtisch/projects/ros2_homework_1/build/fake_robot': CMAKE_PREFIX_PATH=${CMAKE_PREFIX_PATH}:/opt/ros/kilted /usr/bin/cmake --build /home/felix/Schreibtisch/projects/ros2_homework_1/build/fake_robot -- -j4 -l4
[1.985s] DEBUG:colcon.colcon_core.event_handler.log_command:Invoked command in '/home/felix/Schreibtisch/projects/ros2_homework_1/build/fake_robot' returned '0': CMAKE_PREFIX_PATH=${CMAKE_PREFIX_PATH}:/opt/ros/kilted /usr/bin/cmake --build /home/felix/Schreibtisch/projects/ros2_homework_1/build/fake_robot -- -j4 -l4
[2.001s] DEBUG:colcon.colcon_core.event_handler.log_command:Invoking command in '/home/felix/Schreibtisch/projects/ros2_homework_1/build/fake_robot': CMAKE_PREFIX_PATH=${CMAKE_PREFIX_PATH}:/opt/ros/kilted /usr/bin/cmake --install /home/felix/Schreibtisch/projects/ros2_homework_1/build/fake_robot
[2.021s] DEBUG:colcon.colcon_core.event_handler.log_command:Invoking command in '/home/felix/Schreibtisch/projects/ros2_homework_1/build/kalman_positioning_py': PYTHONPATH=/home/felix/Schreibtisch/projects/ros2_homework_1/build/kalman_positioning_py/prefix_override:/usr/lib/python3/dist-packages/colcon_core/task/python/colcon_distutils_commands:/home/felix/Schreibtisch/projects/ros2_homework_1/install/kalman_positioning_py/lib/python3.12/site-packages:${PYTHONPATH} /usr/bin/python3 -W ignore:setup.py install is deprecated -W ignore:easy_install command is deprecated setup.py develop --uninstall --editable --build-directory /home/felix/Schreibtisch/projects/ros2_homework_1/build/kalman_positioning_py/build
[2.050s] Level 1:colcon.colcon_core.environment:create_environment_scripts_only(fake_robot)
[2.051s] DEBUG:colcon.colcon_core.event_handler.log_command:Invoked command in '/home/felix/Schreibtisch/projects/ros2_homework_1/build/fake_robot' returned '0': CMAKE_PREFIX_PATH=${CMAKE_PREFIX_PATH}:/opt/ros/kilted /usr/bin/cmake --install /home/felix/Schreibtisch/projects/ros2_homework_1/build/fake_robot
[2.054s] Level 1:colcon.colcon_core.environment:checking '/home/felix/Schreibtisch/projects/ros2_homework_1/install/fake_robot' for CMake module files
[2.054s] Level 1:colcon.colcon_core.environment:checking '/home/felix/Schreibtisch/projects/ros2_homework_1/install/fake_robot' for CMake config files
[2.055s] Level 1:colcon.colcon_core.shell:create_environment_hook('fake_robot', 'cmake_prefix_path')
[2.055s] INFO:colcon.colcon_core.shell:Creating environment hook '/home/felix/Schreibtisch/projects/ros2_homework_1/install/fake_robot/share/fake_robot/hook/cmake_prefix_path.ps1'
[2.056s] INFO:colcon.colcon_core.shell:Creating environment descriptor '/home/felix/Schreibtisch/projects/ros2_homework_1/install/fake_robot/share/fake_robot/hook/cmake_prefix_path.dsv'
[2.057s] INFO:colcon.colcon_core.shell:Creating environment hook '/home/felix/Schreibtisch/projects/ros2_homework_1/install/fake_robot/share/fake_robot/hook/cmake_prefix_path.sh'
[2.058s] Level 1:colcon.colcon_core.environment:checking '/home/felix/Schreibtisch/projects/ros2_homework_1/install/fake_robot/lib'
[2.058s] Level 1:colcon.colcon_core.environment:checking '/home/felix/Schreibtisch/projects/ros2_homework_1/install/fake_robot/bin'
[2.058s] Level 1:colcon.colcon_core.environment:checking '/home/felix/Schreibtisch/projects/ros2_homework_1/install/fake_robot/lib/pkgconfig/fake_robot.pc'
[2.058s] Level 1:colcon.colcon_core.environment:checking '/home/felix/Schreibtisch/projects/ros2_homework_1/install/fake_robot/lib/python3.12/site-packages'
[2.059s] Level 1:colcon.colcon_core.environment:checking '/home/felix/Schreibtisch/projects/ros2_homework_1/install/fake_robot/bin'
[2.059s] INFO:colcon.colcon_core.shell:Creating package script '/home/felix/Schreibtisch/projects/ros2_homework_1/install/fake_robot/share/fake_robot/package.ps1'
[2.061s] INFO:colcon.colcon_core.shell:Creating package descriptor '/home/felix/Schreibtisch/projects/ros2_homework_1/install/fake_robot/share/fake_robot/package.dsv'
[2.062s] INFO:colcon.colcon_core.shell:Creating package script '/home/felix/Schreibtisch/projects/ros2_homework_1/install/fake_robot/share/fake_robot/package.sh'
[2.063s] INFO:colcon.colcon_core.shell:Creating package script '/home/felix/Schreibtisch/projects/ros2_homework_1/install/fake_robot/share/fake_robot/package.bash'
[2.065s] INFO:colcon.colcon_core.shell:Creating package script '/home/felix/Schreibtisch/projects/ros2_homework_1/install/fake_robot/share/fake_robot/package.zsh'
[2.066s] Level 1:colcon.colcon_core.environment:create_file_with_runtime_dependencies(/home/felix/Schreibtisch/projects/ros2_homework_1/install/fake_robot/share/colcon-core/packages/fake_robot)
[2.067s] Level 1:colcon.colcon_core.environment:create_environment_scripts_only(fake_robot)
[2.067s] Level 1:colcon.colcon_core.environment:checking '/home/felix/Schreibtisch/projects/ros2_homework_1/install/fake_robot' for CMake module files
[2.068s] Level 1:colcon.colcon_core.environment:checking '/home/felix/Schreibtisch/projects/ros2_homework_1/install/fake_robot' for CMake config files
[2.069s] Level 1:colcon.colcon_core.shell:create_environment_hook('fake_robot', 'cmake_prefix_path')
[2.069s] INFO:colcon.colcon_core.shell:Creating environment hook '/home/felix/Schreibtisch/projects/ros2_homework_1/install/fake_robot/share/fake_robot/hook/cmake_prefix_path.ps1'
[2.070s] INFO:colcon.colcon_core.shell:Creating environment descriptor '/home/felix/Schreibtisch/projects/ros2_homework_1/install/fake_robot/share/fake_robot/hook/cmake_prefix_path.dsv'
[2.070s] INFO:colcon.colcon_core.shell:Creating environment hook '/home/felix/Schreibtisch/projects/ros2_homework_1/install/fake_robot/share/fake_robot/hook/cmake_prefix_path.sh'
[2.071s] Level 1:colcon.colcon_core.environment:checking '/home/felix/Schreibtisch/projects/ros2_homework_1/install/fake_robot/lib'
[2.071s] Level 1:colcon.colcon_core.environment:checking '/home/felix/Schreibtisch/projects/ros2_homework_1/install/fake_robot/bin'
[2.072s] Level 1:colcon.colcon_core.environment:checking '/home/felix/Schreibtisch/projects/ros2_homework_1/install/fake_robot/lib/pkgconfig/fake_robot.pc'
[2.072s] Level 1:colcon.colcon_core.environment:checking '/home/felix/Schreibtisch/projects/ros2_homework_1/install/fake_robot/lib/python3.12/site-packages'
[2.072s] Level 1:colcon.colcon_core.environment:checking '/home/felix/Schreibtisch/projects/ros2_homework_1/install/fake_robot/bin'
[2.073s] INFO:colcon.colcon_core.shell:Creating package script '/home/felix/Schreibtisch/projects/ros2_homework_1/install/fake_robot/share/fake_robot/package.ps1'
[2.074s] INFO:colcon.colcon_core.shell:Creating package descriptor '/home/felix/Schreibtisch/projects/ros2_homework_1/install/fake_robot/share/fake_robot/package.dsv'
[2.075s] INFO:colcon.colcon_core.shell:Creating package script '/home/felix/Schreibtisch/projects/ros2_homework_1/install/fake_robot/share/fake_robot/package.sh'
[2.076s] INFO:colcon.colcon_core.shell:Creating package script '/home/felix/Schreibtisch/projects/ros2_homework_1/install/fake_robot/share/fake_robot/package.bash'
[2.077s] INFO:colcon.colcon_core.shell:Creating package script '/home/felix/Schreibtisch/projects/ros2_homework_1/install/fake_robot/share/fake_robot/package.zsh'
[2.077s] Level 1:colcon.colcon_core.environment:create_file_with_runtime_dependencies(/home/felix/Schreibtisch/projects/ros2_homework_1/install/fake_robot/share/colcon-core/packages/fake_robot)
[2.896s] DEBUG:colcon.colcon_core.event_handler.log_command:Invoked command in '/home/felix/Schreibtisch/projects/ros2_homework_1/build/kalman_positioning_py' returned '0': PYTHONPATH=/home/felix/Schreibtisch/projects/ros2_homework_1/build/kalman_positioning_py/prefix_override:/usr/lib/python3/dist-packages/colcon_core/task/python/colcon_distutils_commands:/home/felix/Schreibtisch/projects/ros2_homework_1/install/kalman_positioning_py/lib/python3.12/site-packages:${PYTHONPATH} /usr/bin/python3 -W ignore:setup.py install is deprecated -W ignore:easy_install command is deprecated setup.py develop --uninstall --editable --build-directory /home/felix/Schreibtisch/projects/ros2_homework_1/build/kalman_positioning_py/build
[2.897s] DEBUG:colcon.colcon_core.event_handler.log_command:Invoking command in '/home/felix/Schreibtisch/projects/ros2_homework_1/src/kalman_positioning': PYTHONPATH=/home/felix/Schreibtisch/projects/ros2_homework_1/build/kalman_positioning_py/prefix_override:/usr/lib/python3/dist-packages/colcon_core/task/python/colcon_distutils_commands:/home/felix/Schreibtisch/projects/ros2_homework_1/install/kalman_positioning_py/lib/python3.12/site-packages:${PYTHONPATH} /usr/bin/python3 -W ignore:setup.py install is deprecated -W ignore:easy_install command is deprecated setup.py egg_info --egg-base ../../build/kalman_positioning_py build --build-base /home/felix/Schreibtisch/projects/ros2_homework_1/build/kalman_positioning_py/build install --record /home/felix/Schreibtisch/projects/ros2_homework_1/build/kalman_positioning_py/install.log --single-version-externally-managed install_data --force
[3.420s] DEBUG:colcon.colcon_core.event_handler.log_command:Invoked command in '/home/felix/Schreibtisch/projects/ros2_homework_1/src/kalman_positioning' returned '1': PYTHONPATH=/home/felix/Schreibtisch/projects/ros2_homework_1/build/kalman_positioning_py/prefix_override:/usr/lib/python3/dist-packages/colcon_core/task/python/colcon_distutils_commands:/home/felix/Schreibtisch/projects/ros2_homework_1/install/kalman_positioning_py/lib/python3.12/site-packages:${PYTHONPATH} /usr/bin/python3 -W ignore:setup.py install is deprecated -W ignore:easy_install command is deprecated setup.py egg_info --egg-base ../../build/kalman_positioning_py build --build-base /home/felix/Schreibtisch/projects/ros2_homework_1/build/kalman_positioning_py/build install --record /home/felix/Schreibtisch/projects/ros2_homework_1/build/kalman_positioning_py/install.log --single-version-externally-managed install_data --force
[3.430s] DEBUG:colcon.colcon_parallel_executor.executor.parallel:closing loop
[3.431s] DEBUG:colcon.colcon_parallel_executor.executor.parallel:loop closed
[3.431s] DEBUG:colcon.colcon_parallel_executor.executor.parallel:run_until_complete finished with '1'
[3.432s] DEBUG:colcon.colcon_core.event_reactor:joining thread
[3.443s] INFO:colcon.colcon_core.plugin_system:Skipping extension 'colcon_notification.desktop_notification.terminal_notifier': Not used on non-Darwin systems
[3.443s] INFO:colcon.colcon_core.plugin_system:Skipping extension 'colcon_notification.desktop_notification.win32': Not used on non-Windows systems
[3.443s] INFO:colcon.colcon_notification.desktop_notification:Sending desktop notification using 'notify2'
[3.463s] DEBUG:colcon.colcon_core.event_reactor:joined thread
[3.464s] INFO:colcon.colcon_core.shell:Creating prefix script '/home/felix/Schreibtisch/projects/ros2_homework_1/install/local_setup.ps1'
[3.466s] INFO:colcon.colcon_core.shell:Creating prefix util module '/home/felix/Schreibtisch/projects/ros2_homework_1/install/_local_setup_util_ps1.py'
[3.469s] INFO:colcon.colcon_core.shell:Creating prefix chain script '/home/felix/Schreibtisch/projects/ros2_homework_1/install/setup.ps1'
[3.472s] INFO:colcon.colcon_core.shell:Creating prefix script '/home/felix/Schreibtisch/projects/ros2_homework_1/install/local_setup.sh'
[3.474s] INFO:colcon.colcon_core.shell:Creating prefix util module '/home/felix/Schreibtisch/projects/ros2_homework_1/install/_local_setup_util_sh.py'
[3.476s] INFO:colcon.colcon_core.shell:Creating prefix chain script '/home/felix/Schreibtisch/projects/ros2_homework_1/install/setup.sh'
[3.478s] INFO:colcon.colcon_core.shell:Creating prefix script '/home/felix/Schreibtisch/projects/ros2_homework_1/install/local_setup.bash'
[3.480s] INFO:colcon.colcon_core.shell:Creating prefix chain script '/home/felix/Schreibtisch/projects/ros2_homework_1/install/setup.bash'
[3.481s] INFO:colcon.colcon_core.shell:Creating prefix script '/home/felix/Schreibtisch/projects/ros2_homework_1/install/local_setup.zsh'
[3.481s] INFO:colcon.colcon_core.shell:Creating prefix chain script '/home/felix/Schreibtisch/projects/ros2_homework_1/install/setup.zsh'
