[3.552s] Invoking command in '/home/felix/Schreibtisch/projects/ros2_homework_1/build/kalman_positioning_py': PYTHONPATH=/home/felix/Schreibtisch/projects/ros2_homework_1/build/kalman_positioning_py/prefix_override:/usr/lib/python3/dist-packages/colcon_core/task/python/colcon_distutils_commands:/home/felix/Schreibtisch/projects/ros2_homework_1/install/kalman_positioning_py/lib/python3.12/site-packages:${PYTHONPATH} /usr/bin/python3 -W ignore:setup.py install is deprecated -W ignore:easy_install command is deprecated setup.py develop --editable --build-directory /home/felix/Schreibtisch/projects/ros2_homework_1/build/kalman_positioning_py/build --no-deps symlink_data
[4.845s] running develop
[5.841s] running egg_info
[5.841s] creating kalman_positioning_py.egg-info
[5.949s] writing kalman_positioning_py.egg-info/PKG-INFO
[5.951s] writing dependency_links to kalman_positioning_py.egg-info/dependency_links.txt
[5.952s] writing entry points to kalman_positioning_py.egg-info/entry_points.txt
[5.952s] writing requirements to kalman_positioning_py.egg-info/requires.txt
[5.952s] writing top-level names to kalman_positioning_py.egg-info/top_level.txt
[5.952s] writing manifest file 'kalman_positioning_py.egg-info/SOURCES.txt'
[6.235s] reading manifest file 'kalman_positioning_py.egg-info/SOURCES.txt'
[6.235s] writing manifest file 'kalman_positioning_py.egg-info/SOURCES.txt'
[6.395s] running build_ext
[6.395s] Creating /home/felix/Schreibtisch/projects/ros2_homework_1/install/kalman_positioning_py/lib/python3.12/site-packages/kalman-positioning-py.egg-link (link to .)
[6.397s] Installing positioning_node script to /home/felix/Schreibtisch/projects/ros2_homework_1/install/kalman_positioning_py/lib/kalman_positioning_py
[6.397s] 
[6.397s] Installed /home/felix/Schreibtisch/projects/ros2_homework_1/build/kalman_positioning_py
[6.397s] running symlink_data
[6.398s] creating /home/felix/Schreibtisch/projects/ros2_homework_1/install/kalman_positioning_py/share/ament_index
[6.399s] creating /home/felix/Schreibtisch/projects/ros2_homework_1/install/kalman_positioning_py/share/ament_index/resource_index
[6.400s] creating /home/felix/Schreibtisch/projects/ros2_homework_1/install/kalman_positioning_py/share/ament_index/resource_index/packages
[6.401s] symbolically linking /home/felix/Schreibtisch/projects/ros2_homework_1/build/kalman_positioning_py/resource/kalman_positioning_py -> /home/felix/Schreibtisch/projects/ros2_homework_1/install/kalman_positioning_py/share/ament_index/resource_index/packages
[6.401s] symbolically linking /home/felix/Schreibtisch/projects/ros2_homework_1/build/kalman_positioning_py/package.xml -> /home/felix/Schreibtisch/projects/ros2_homework_1/install/kalman_positioning_py/share/kalman_positioning_py
[6.401s] creating /home/felix/Schreibtisch/projects/ros2_homework_1/install/kalman_positioning_py/share/kalman_positioning_py/launch
[6.401s] symbolically linking /home/felix/Schreibtisch/projects/ros2_homework_1/build/kalman_positioning_py/launch/positioning.launch.py -> /home/felix/Schreibtisch/projects/ros2_homework_1/install/kalman_positioning_py/share/kalman_positioning_py/launch
[6.759s] Invoked command in '/home/felix/Schreibtisch/projects/ros2_homework_1/build/kalman_positioning_py' returned '0': PYTHONPATH=/home/felix/Schreibtisch/projects/ros2_homework_1/build/kalman_positioning_py/prefix_override:/usr/lib/python3/dist-packages/colcon_core/task/python/colcon_distutils_commands:/home/felix/Schreibtisch/projects/ros2_homework_1/install/kalman_positioning_py/lib/python3.12/site-packages:${PYTHONPATH} /usr/bin/python3 -W ignore:setup.py install is deprecated -W ignore:easy_install command is deprecated setup.py develop --editable --build-directory /home/felix/Schreibtisch/projects/ros2_homework_1/build/kalman_positioning_py/build --no-deps symlink_data
