[0.048s] Invoking command in '/home/felix/Schreibtisch/projects/ros2_homework_1/build/fake_robot': CMAKE_PREFIX_PATH=${CMAKE_PREFIX_PATH}:/opt/ros/kilted /usr/bin/cmake --build /home/felix/Schreibtisch/projects/ros2_homework_1/build/fake_robot -- -j4 -l4
[0.200s] [100%] Built target fake_robot
[0.565s] Invoked command in '/home/felix/Schreibtisch/projects/ros2_homework_1/build/fake_robot' returned '0': CMAKE_PREFIX_PATH=${CMAKE_PREFIX_PATH}:/opt/ros/kilted /usr/bin/cmake --build /home/felix/Schreibtisch/projects/ros2_homework_1/build/fake_robot -- -j4 -l4
[0.578s] Invoking command in '/home/felix/Schreibtisch/projects/ros2_homework_1/build/fake_robot': CMAKE_PREFIX_PATH=${CMAKE_PREFIX_PATH}:/opt/ros/kilted /usr/bin/cmake --install /home/felix/Schreibtisch/projects/ros2_homework_1/build/fake_robot
[0.589s] -- Install configuration: ""
[0.590s] -- Execute custom install script
[0.590s] -- Up-to-date symlink: /home/felix/Schreibtisch/projects/ros2_homework_1/install/fake_robot/lib/fake_robot/fake_robot
[0.591s] -- Up-to-date symlink: /home/felix/Schreibtisch/projects/ros2_homework_1/install/fake_robot/share/fake_robot/launch/fake_robot.launch.py
[0.592s] -- Up-to-date symlink: /home/felix/Schreibtisch/projects/ros2_homework_1/install/fake_robot/share/fake_robot/data/landmarks.csv
[0.592s] -- Up-to-date symlink: /home/felix/Schreibtisch/projects/ros2_homework_1/install/fake_robot/share/ament_index/resource_index/package_run_dependencies/fake_robot
[0.593s] -- Up-to-date symlink: /home/felix/Schreibtisch/projects/ros2_homework_1/install/fake_robot/share/ament_index/resource_index/parent_prefix_path/fake_robot
[0.593s] -- Up-to-date symlink: /home/felix/Schreibtisch/projects/ros2_homework_1/install/fake_robot/share/fake_robot/environment/ament_prefix_path.sh
[0.594s] -- Up-to-date symlink: /home/felix/Schreibtisch/projects/ros2_homework_1/install/fake_robot/share/fake_robot/environment/ament_prefix_path.dsv
[0.594s] -- Up-to-date symlink: /home/felix/Schreibtisch/projects/ros2_homework_1/install/fake_robot/share/fake_robot/environment/path.sh
[0.594s] -- Up-to-date symlink: /home/felix/Schreibtisch/projects/ros2_homework_1/install/fake_robot/share/fake_robot/environment/path.dsv
[0.595s] -- Up-to-date symlink: /home/felix/Schreibtisch/projects/ros2_homework_1/install/fake_robot/share/fake_robot/local_setup.bash
[0.595s] -- Up-to-date symlink: /home/felix/Schreibtisch/projects/ros2_homework_1/install/fake_robot/share/fake_robot/local_setup.sh
[0.596s] -- Up-to-date symlink: /home/felix/Schreibtisch/projects/ros2_homework_1/install/fake_robot/share/fake_robot/local_setup.zsh
[0.596s] -- Up-to-date symlink: /home/felix/Schreibtisch/projects/ros2_homework_1/install/fake_robot/share/fake_robot/local_setup.dsv
[0.597s] -- Symlinking: /home/felix/Schreibtisch/projects/ros2_homework_1/install/fake_robot/share/fake_robot/package.dsv
[0.610s] -- Up-to-date symlink: /home/felix/Schreibtisch/projects/ros2_homework_1/install/fake_robot/share/ament_index/resource_index/packages/fake_robot
[0.611s] -- Up-to-date symlink: /home/felix/Schreibtisch/projects/ros2_homework_1/install/fake_robot/share/fake_robot/cmake/fake_robotConfig.cmake
[0.612s] -- Up-to-date symlink: /home/felix/Schreibtisch/projects/ros2_homework_1/install/fake_robot/share/fake_robot/cmake/fake_robotConfig-version.cmake
[0.612s] -- Up-to-date symlink: /home/felix/Schreibtisch/projects/ros2_homework_1/install/fake_robot/share/fake_robot/package.xml
[0.617s] Invoked command in '/home/felix/Schreibtisch/projects/ros2_homework_1/build/fake_robot' returned '0': CMAKE_PREFIX_PATH=${CMAKE_PREFIX_PATH}:/opt/ros/kilted /usr/bin/cmake --install /home/felix/Schreibtisch/projects/ros2_homework_1/build/fake_robot
