[0.028s] Invoking command in '/home/felix/Schreibtisch/projects/ros2_homework_1/build/fake_robot': CMAKE_PREFIX_PATH=${CMAKE_PREFIX_PATH}:/opt/ros/kilted /usr/bin/cmake --build /home/felix/Schreibtisch/projects/ros2_homework_1/build/fake_robot -- -j4 -l4
[0.147s] [100%] Built target fake_robot
[0.443s] Invoked command in '/home/felix/Schreibtisch/projects/ros2_homework_1/build/fake_robot' returned '0': CMAKE_PREFIX_PATH=${CMAKE_PREFIX_PATH}:/opt/ros/kilted /usr/bin/cmake --build /home/felix/Schreibtisch/projects/ros2_homework_1/build/fake_robot -- -j4 -l4
[0.455s] Invoking command in '/home/felix/Schreibtisch/projects/ros2_homework_1/build/fake_robot': CMAKE_PREFIX_PATH=${CMAKE_PREFIX_PATH}:/opt/ros/kilted /usr/bin/cmake --install /home/felix/Schreibtisch/projects/ros2_homework_1/build/fake_robot
[0.466s] -- Install configuration: ""
[0.467s] -- Execute custom install script
[0.468s] -- Up-to-date symlink: /home/felix/Schreibtisch/projects/ros2_homework_1/install/fake_robot/lib/fake_robot/fake_robot
[0.468s] -- Up-to-date symlink: /home/felix/Schreibtisch/projects/ros2_homework_1/install/fake_robot/share/fake_robot/launch/fake_robot.launch.py
[0.469s] -- Up-to-date symlink: /home/felix/Schreibtisch/projects/ros2_homework_1/install/fake_robot/share/fake_robot/data/landmarks.csv
[0.470s] -- Up-to-date symlink: /home/felix/Schreibtisch/projects/ros2_homework_1/install/fake_robot/share/ament_index/resource_index/package_run_dependencies/fake_robot
[0.470s] -- Up-to-date symlink: /home/felix/Schreibtisch/projects/ros2_homework_1/install/fake_robot/share/ament_index/resource_index/parent_prefix_path/fake_robot
[0.471s] -- Up-to-date symlink: /home/felix/Schreibtisch/projects/ros2_homework_1/install/fake_robot/share/fake_robot/environment/ament_prefix_path.sh
[0.471s] -- Up-to-date symlink: /home/felix/Schreibtisch/projects/ros2_homework_1/install/fake_robot/share/fake_robot/environment/ament_prefix_path.dsv
[0.472s] -- Up-to-date symlink: /home/felix/Schreibtisch/projects/ros2_homework_1/install/fake_robot/share/fake_robot/environment/path.sh
[0.472s] -- Up-to-date symlink: /home/felix/Schreibtisch/projects/ros2_homework_1/install/fake_robot/share/fake_robot/environment/path.dsv
[0.472s] -- Up-to-date symlink: /home/felix/Schreibtisch/projects/ros2_homework_1/install/fake_robot/share/fake_robot/local_setup.bash
[0.473s] -- Up-to-date symlink: /home/felix/Schreibtisch/projects/ros2_homework_1/install/fake_robot/share/fake_robot/local_setup.sh
[0.473s] -- Up-to-date symlink: /home/felix/Schreibtisch/projects/ros2_homework_1/install/fake_robot/share/fake_robot/local_setup.zsh
[0.474s] -- Up-to-date symlink: /home/felix/Schreibtisch/projects/ros2_homework_1/install/fake_robot/share/fake_robot/local_setup.dsv
[0.474s] -- Symlinking: /home/felix/Schreibtisch/projects/ros2_homework_1/install/fake_robot/share/fake_robot/package.dsv
[0.491s] -- Up-to-date symlink: /home/felix/Schreibtisch/projects/ros2_homework_1/install/fake_robot/share/ament_index/resource_index/packages/fake_robot
[0.491s] -- Up-to-date symlink: /home/felix/Schreibtisch/projects/ros2_homework_1/install/fake_robot/share/fake_robot/cmake/fake_robotConfig.cmake
[0.491s] -- Up-to-date symlink: /home/felix/Schreibtisch/projects/ros2_homework_1/install/fake_robot/share/fake_robot/cmake/fake_robotConfig-version.cmake
[0.492s] -- Up-to-date symlink: /home/felix/Schreibtisch/projects/ros2_homework_1/install/fake_robot/share/fake_robot/package.xml
[0.495s] Invoked command in '/home/felix/Schreibtisch/projects/ros2_homework_1/build/fake_robot' returned '0': CMAKE_PREFIX_PATH=${CMAKE_PREFIX_PATH}:/opt/ros/kilted /usr/bin/cmake --install /home/felix/Schreibtisch/projects/ros2_homework_1/build/fake_robot
