[0.227s] DEBUG:colcon:Command line arguments: ['/usr/bin/colcon', 'build']
[0.227s] DEBUG:colcon:Parsed command line arguments: Namespace(log_base=None, log_level=None, verb_name='build', build_base='build', install_base='install', merge_install=False, symlink_install=False, test_result_base=None, continue_on_error=False, executor='parallel', parallel_workers=4, event_handlers=None, ignore_user_meta=False, metas=['./colcon.meta'], base_paths=['.'], packages_ignore=None, packages_ignore_regex=None, paths=None, packages_up_to=None, packages_up_to_regex=None, packages_above=None, packages_above_and_dependencies=None, packages_above_depth=None, packages_select_by_dep=None, packages_skip_by_dep=None, packages_skip_up_to=None, packages_select_build_failed=False, packages_skip_build_finished=False, packages_select_test_failures=False, packages_skip_test_passed=False, packages_select=None, packages_skip=None, packages_select_regex=None, packages_skip_regex=None, packages_start=None, packages_end=None, allow_overriding=[], cmake_args=None, cmake_target=None, cmake_target_skip_unavailable=False, cmake_clean_cache=False, cmake_clean_first=False, cmake_force_configure=False, ament_cmake_args=None, catkin_cmake_args=None, catkin_skip_building_tests=False, mixin_files=None, mixin=None, verb_parser=<colcon_mixin.mixin.mixin_argument.MixinArgumentDecorator object at 0x7243bf8a1670>, verb_extension=<colcon_core.verb.build.BuildVerb object at 0x7243bf9c5ee0>, main=<bound method BuildVerb.main of <colcon_core.verb.build.BuildVerb object at 0x7243bf9c5ee0>>, mixin_verb=('build',))
[0.345s] Level 1:colcon.colcon_core.package_discovery:discover_packages(colcon_meta) check parameters
[0.346s] Level 1:colcon.colcon_core.package_discovery:discover_packages(recursive) check parameters
[0.346s] Level 1:colcon.colcon_core.package_discovery:discover_packages(ignore) check parameters
[0.347s] Level 1:colcon.colcon_core.package_discovery:discover_packages(path) check parameters
[0.347s] Level 1:colcon.colcon_core.package_discovery:discover_packages(colcon_meta) discover
[0.347s] Level 1:colcon.colcon_core.package_discovery:discover_packages(recursive) discover
[0.348s] INFO:colcon.colcon_core.package_discovery:Crawling recursively for packages in '/home/felix/Schreibtisch/projects/ros2_homework_1'
[0.348s] Level 1:colcon.colcon_core.package_identification:_identify(.) by extensions ['ignore', 'ignore_ament_install']
[0.349s] Level 1:colcon.colcon_core.package_identification:_identify(.) by extension 'ignore'
[0.349s] Level 1:colcon.colcon_core.package_identification:_identify(.) by extension 'ignore_ament_install'
[0.349s] Level 1:colcon.colcon_core.package_identification:_identify(.) by extensions ['colcon_pkg']
[0.350s] Level 1:colcon.colcon_core.package_identification:_identify(.) by extension 'colcon_pkg'
[0.350s] Level 1:colcon.colcon_core.package_identification:_identify(.) by extensions ['colcon_meta']
[0.350s] Level 1:colcon.colcon_core.package_identification:_identify(.) by extension 'colcon_meta'
[0.350s] Level 1:colcon.colcon_core.package_identification:_identify(.) by extensions ['ros']
[0.350s] Level 1:colcon.colcon_core.package_identification:_identify(.) by extension 'ros'
[0.385s] Level 1:colcon.colcon_core.package_identification:_identify(.) by extensions ['cmake', 'python']
[0.385s] Level 1:colcon.colcon_core.package_identification:_identify(.) by extension 'cmake'
[0.386s] Level 1:colcon.colcon_core.package_identification:_identify(.) by extension 'python'
[0.386s] Level 1:colcon.colcon_core.package_identification:_identify(.) by extensions ['python_setup_py']
[0.386s] Level 1:colcon.colcon_core.package_identification:_identify(.) by extension 'python_setup_py'
[0.386s] Level 1:colcon.colcon_core.package_identification:_identify(build) by extensions ['ignore', 'ignore_ament_install']
[0.386s] Level 1:colcon.colcon_core.package_identification:_identify(build) by extension 'ignore'
[0.386s] Level 1:colcon.colcon_core.package_identification:_identify(build) ignored
[0.387s] Level 1:colcon.colcon_core.package_identification:_identify(install) by extensions ['ignore', 'ignore_ament_install']
[0.387s] Level 1:colcon.colcon_core.package_identification:_identify(install) by extension 'ignore'
[0.387s] Level 1:colcon.colcon_core.package_identification:_identify(install) ignored
[0.387s] Level 1:colcon.colcon_core.package_identification:_identify(log) by extensions ['ignore', 'ignore_ament_install']
[0.387s] Level 1:colcon.colcon_core.package_identification:_identify(log) by extension 'ignore'
[0.387s] Level 1:colcon.colcon_core.package_identification:_identify(log) ignored
[0.387s] Level 1:colcon.colcon_core.package_identification:_identify(src) by extensions ['ignore', 'ignore_ament_install']
[0.388s] Level 1:colcon.colcon_core.package_identification:_identify(src) by extension 'ignore'
[0.388s] Level 1:colcon.colcon_core.package_identification:_identify(src) by extension 'ignore_ament_install'
[0.388s] Level 1:colcon.colcon_core.package_identification:_identify(src) by extensions ['colcon_pkg']
[0.388s] Level 1:colcon.colcon_core.package_identification:_identify(src) by extension 'colcon_pkg'
[0.388s] Level 1:colcon.colcon_core.package_identification:_identify(src) by extensions ['colcon_meta']
[0.388s] Level 1:colcon.colcon_core.package_identification:_identify(src) by extension 'colcon_meta'
[0.388s] Level 1:colcon.colcon_core.package_identification:_identify(src) by extensions ['ros']
[0.388s] Level 1:colcon.colcon_core.package_identification:_identify(src) by extension 'ros'
[0.388s] Level 1:colcon.colcon_core.package_identification:_identify(src) by extensions ['cmake', 'python']
[0.388s] Level 1:colcon.colcon_core.package_identification:_identify(src) by extension 'cmake'
[0.389s] Level 1:colcon.colcon_core.package_identification:_identify(src) by extension 'python'
[0.389s] Level 1:colcon.colcon_core.package_identification:_identify(src) by extensions ['python_setup_py']
[0.389s] Level 1:colcon.colcon_core.package_identification:_identify(src) by extension 'python_setup_py'
[0.389s] Level 1:colcon.colcon_core.package_identification:_identify(src/fake_robot) by extensions ['ignore', 'ignore_ament_install']
[0.389s] Level 1:colcon.colcon_core.package_identification:_identify(src/fake_robot) by extension 'ignore'
[0.389s] Level 1:colcon.colcon_core.package_identification:_identify(src/fake_robot) by extension 'ignore_ament_install'
[0.389s] Level 1:colcon.colcon_core.package_identification:_identify(src/fake_robot) by extensions ['colcon_pkg']
[0.389s] Level 1:colcon.colcon_core.package_identification:_identify(src/fake_robot) by extension 'colcon_pkg'
[0.389s] Level 1:colcon.colcon_core.package_identification:_identify(src/fake_robot) by extensions ['colcon_meta']
[0.389s] Level 1:colcon.colcon_core.package_identification:_identify(src/fake_robot) by extension 'colcon_meta'
[0.390s] Level 1:colcon.colcon_core.package_identification:_identify(src/fake_robot) by extensions ['ros']
[0.390s] Level 1:colcon.colcon_core.package_identification:_identify(src/fake_robot) by extension 'ros'
[0.393s] DEBUG:colcon.colcon_core.package_identification:Package 'src/fake_robot' with type 'ros.ament_cmake' and name 'fake_robot'
[0.393s] Level 1:colcon.colcon_core.package_identification:_identify(src/kalman_positioning) by extensions ['ignore', 'ignore_ament_install']
[0.393s] Level 1:colcon.colcon_core.package_identification:_identify(src/kalman_positioning) by extension 'ignore'
[0.393s] Level 1:colcon.colcon_core.package_identification:_identify(src/kalman_positioning) by extension 'ignore_ament_install'
[0.394s] Level 1:colcon.colcon_core.package_identification:_identify(src/kalman_positioning) by extensions ['colcon_pkg']
[0.394s] Level 1:colcon.colcon_core.package_identification:_identify(src/kalman_positioning) by extension 'colcon_pkg'
[0.394s] Level 1:colcon.colcon_core.package_identification:_identify(src/kalman_positioning) by extensions ['colcon_meta']
[0.394s] Level 1:colcon.colcon_core.package_identification:_identify(src/kalman_positioning) by extension 'colcon_meta'
[0.394s] Level 1:colcon.colcon_core.package_identification:_identify(src/kalman_positioning) by extensions ['ros']
[0.394s] Level 1:colcon.colcon_core.package_identification:_identify(src/kalman_positioning) by extension 'ros'
[0.395s] DEBUG:colcon.colcon_core.package_identification:Package 'src/kalman_positioning' with type 'ros.ament_python' and name 'kalman_positioning'
[0.395s] Level 1:colcon.colcon_core.package_discovery:discover_packages(recursive) using defaults
[0.395s] Level 1:colcon.colcon_core.package_discovery:discover_packages(ignore) discover
[0.395s] Level 1:colcon.colcon_core.package_discovery:discover_packages(ignore) using defaults
[0.395s] Level 1:colcon.colcon_core.package_discovery:discover_packages(path) discover
[0.395s] Level 1:colcon.colcon_core.package_discovery:discover_packages(path) using defaults
[0.416s] Level 1:colcon.colcon_core.package_discovery:discover_packages(prefix_path) check parameters
[0.416s] Level 1:colcon.colcon_core.package_discovery:discover_packages(prefix_path) discover
[0.420s] DEBUG:colcon.colcon_installed_package_information.package_discovery:Found 322 installed packages in /opt/ros/kilted
[0.422s] Level 1:colcon.colcon_core.package_discovery:discover_packages(prefix_path) using defaults
[0.483s] Level 5:colcon.colcon_core.verb:set package 'fake_robot' build argument 'cmake_args' from command line to 'None'
[0.483s] Level 5:colcon.colcon_core.verb:set package 'fake_robot' build argument 'cmake_target' from command line to 'None'
[0.483s] Level 5:colcon.colcon_core.verb:set package 'fake_robot' build argument 'cmake_target_skip_unavailable' from command line to 'False'
[0.484s] Level 5:colcon.colcon_core.verb:set package 'fake_robot' build argument 'cmake_clean_cache' from command line to 'False'
[0.484s] Level 5:colcon.colcon_core.verb:set package 'fake_robot' build argument 'cmake_clean_first' from command line to 'False'
[0.484s] Level 5:colcon.colcon_core.verb:set package 'fake_robot' build argument 'cmake_force_configure' from command line to 'False'
[0.484s] Level 5:colcon.colcon_core.verb:set package 'fake_robot' build argument 'ament_cmake_args' from command line to 'None'
[0.484s] Level 5:colcon.colcon_core.verb:set package 'fake_robot' build argument 'catkin_cmake_args' from command line to 'None'
[0.484s] Level 5:colcon.colcon_core.verb:set package 'fake_robot' build argument 'catkin_skip_building_tests' from command line to 'False'
[0.484s] DEBUG:colcon.colcon_core.verb:Building package 'fake_robot' with the following arguments: {'ament_cmake_args': None, 'build_base': '/home/felix/Schreibtisch/projects/ros2_homework_1/build/fake_robot', 'catkin_cmake_args': None, 'catkin_skip_building_tests': False, 'cmake_args': None, 'cmake_clean_cache': False, 'cmake_clean_first': False, 'cmake_force_configure': False, 'cmake_target': None, 'cmake_target_skip_unavailable': False, 'install_base': '/home/felix/Schreibtisch/projects/ros2_homework_1/install/fake_robot', 'merge_install': False, 'path': '/home/felix/Schreibtisch/projects/ros2_homework_1/src/fake_robot', 'symlink_install': False, 'test_result_base': None}
[0.484s] Level 5:colcon.colcon_core.verb:set package 'kalman_positioning' build argument 'cmake_args' from command line to 'None'
[0.484s] Level 5:colcon.colcon_core.verb:set package 'kalman_positioning' build argument 'cmake_target' from command line to 'None'
[0.484s] Level 5:colcon.colcon_core.verb:set package 'kalman_positioning' build argument 'cmake_target_skip_unavailable' from command line to 'False'
[0.484s] Level 5:colcon.colcon_core.verb:set package 'kalman_positioning' build argument 'cmake_clean_cache' from command line to 'False'
[0.484s] Level 5:colcon.colcon_core.verb:set package 'kalman_positioning' build argument 'cmake_clean_first' from command line to 'False'
[0.485s] Level 5:colcon.colcon_core.verb:set package 'kalman_positioning' build argument 'cmake_force_configure' from command line to 'False'
[0.485s] Level 5:colcon.colcon_core.verb:set package 'kalman_positioning' build argument 'ament_cmake_args' from command line to 'None'
[0.485s] Level 5:colcon.colcon_core.verb:set package 'kalman_positioning' build argument 'catkin_cmake_args' from command line to 'None'
[0.485s] Level 5:colcon.colcon_core.verb:set package 'kalman_positioning' build argument 'catkin_skip_building_tests' from command line to 'False'
[0.485s] DEBUG:colcon.colcon_core.verb:Building package 'kalman_positioning' with the following arguments: {'ament_cmake_args': None, 'build_base': '/home/felix/Schreibtisch/projects/ros2_homework_1/build/kalman_positioning', 'catkin_cmake_args': None, 'catkin_skip_building_tests': False, 'cmake_args': None, 'cmake_clean_cache': False, 'cmake_clean_first': False, 'cmake_force_configure': False, 'cmake_target': None, 'cmake_target_skip_unavailable': False, 'install_base': '/home/felix/Schreibtisch/projects/ros2_homework_1/install/kalman_positioning', 'merge_install': False, 'path': '/home/felix/Schreibtisch/projects/ros2_homework_1/src/kalman_positioning', 'symlink_install': False, 'test_result_base': None}
[0.485s] INFO:colcon.colcon_core.executor:Executing jobs using 'parallel' executor
[0.486s] DEBUG:colcon.colcon_parallel_executor.executor.parallel:run_until_complete
[0.486s] INFO:colcon.colcon_ros.task.ament_cmake.build:Building ROS package in '/home/felix/Schreibtisch/projects/ros2_homework_1/src/fake_robot' with build type 'ament_cmake'
[0.487s] INFO:colcon.colcon_cmake.task.cmake.build:Building CMake package in '/home/felix/Schreibtisch/projects/ros2_homework_1/src/fake_robot'
[0.489s] INFO:colcon.colcon_core.plugin_system:Skipping extension 'colcon_core.shell.bat': Not used on non-Windows systems
[0.490s] INFO:colcon.colcon_core.shell:Skip shell extension 'powershell' for command environment: Not usable outside of PowerShell
[0.490s] DEBUG:colcon.colcon_core.shell:Skip shell extension 'dsv' for command environment
[0.494s] INFO:colcon.colcon_ros.task.ament_python.build:Building ROS package in '/home/felix/Schreibtisch/projects/ros2_homework_1/src/kalman_positioning' with build type 'ament_python'
[0.494s] Level 1:colcon.colcon_core.shell:create_environment_hook('kalman_positioning', 'ament_prefix_path')
[0.495s] INFO:colcon.colcon_core.shell:Creating environment hook '/home/felix/Schreibtisch/projects/ros2_homework_1/install/kalman_positioning/share/kalman_positioning/hook/ament_prefix_path.ps1'
[0.496s] INFO:colcon.colcon_core.shell:Creating environment descriptor '/home/felix/Schreibtisch/projects/ros2_homework_1/install/kalman_positioning/share/kalman_positioning/hook/ament_prefix_path.dsv'
[0.497s] INFO:colcon.colcon_core.shell:Creating environment hook '/home/felix/Schreibtisch/projects/ros2_homework_1/install/kalman_positioning/share/kalman_positioning/hook/ament_prefix_path.sh'
[0.498s] INFO:colcon.colcon_core.shell:Skip shell extension 'powershell' for command environment: Not usable outside of PowerShell
[0.498s] DEBUG:colcon.colcon_core.shell:Skip shell extension 'dsv' for command environment
[0.513s] DEBUG:colcon.colcon_core.event_handler.log_command:Invoking command in '/home/felix/Schreibtisch/projects/ros2_homework_1/build/fake_robot': CMAKE_PREFIX_PATH=${CMAKE_PREFIX_PATH}:/opt/ros/kilted /usr/bin/cmake --build /home/felix/Schreibtisch/projects/ros2_homework_1/build/fake_robot -- -j4 -l4
[0.987s] WARNING:colcon.colcon_ros.task.ament_python.build:Package 'kalman_positioning' doesn't explicitly install a marker in the package index (colcon-ros currently does it implicitly but that fallback will be removed in the future)
[0.988s] WARNING:colcon.colcon_ros.task.ament_python.build:Package 'kalman_positioning' doesn't explicitly install the 'package.xml' file (colcon-ros currently does it implicitly but that fallback will be removed in the future)
[0.988s] INFO:colcon.colcon_core.task.python.build:Building Python package in '/home/felix/Schreibtisch/projects/ros2_homework_1/src/kalman_positioning'
[0.989s] INFO:colcon.colcon_core.shell:Skip shell extension 'powershell' for command environment: Not usable outside of PowerShell
[0.989s] DEBUG:colcon.colcon_core.shell:Skip shell extension 'dsv' for command environment
[0.995s] DEBUG:colcon.colcon_core.event_handler.log_command:Invoked command in '/home/felix/Schreibtisch/projects/ros2_homework_1/build/fake_robot' returned '0': CMAKE_PREFIX_PATH=${CMAKE_PREFIX_PATH}:/opt/ros/kilted /usr/bin/cmake --build /home/felix/Schreibtisch/projects/ros2_homework_1/build/fake_robot -- -j4 -l4
[1.012s] DEBUG:colcon.colcon_core.event_handler.log_command:Invoking command in '/home/felix/Schreibtisch/projects/ros2_homework_1/build/fake_robot': CMAKE_PREFIX_PATH=${CMAKE_PREFIX_PATH}:/opt/ros/kilted /usr/bin/cmake --install /home/felix/Schreibtisch/projects/ros2_homework_1/build/fake_robot
[1.062s] Level 1:colcon.colcon_core.environment:create_environment_scripts_only(fake_robot)
[1.063s] DEBUG:colcon.colcon_core.event_handler.log_command:Invoked command in '/home/felix/Schreibtisch/projects/ros2_homework_1/build/fake_robot' returned '0': CMAKE_PREFIX_PATH=${CMAKE_PREFIX_PATH}:/opt/ros/kilted /usr/bin/cmake --install /home/felix/Schreibtisch/projects/ros2_homework_1/build/fake_robot
[1.066s] Level 1:colcon.colcon_core.environment:checking '/home/felix/Schreibtisch/projects/ros2_homework_1/install/fake_robot' for CMake module files
[1.068s] Level 1:colcon.colcon_core.environment:checking '/home/felix/Schreibtisch/projects/ros2_homework_1/install/fake_robot' for CMake config files
[1.068s] Level 1:colcon.colcon_core.shell:create_environment_hook('fake_robot', 'cmake_prefix_path')
[1.069s] INFO:colcon.colcon_core.shell:Creating environment hook '/home/felix/Schreibtisch/projects/ros2_homework_1/install/fake_robot/share/fake_robot/hook/cmake_prefix_path.ps1'
[1.069s] INFO:colcon.colcon_core.shell:Creating environment descriptor '/home/felix/Schreibtisch/projects/ros2_homework_1/install/fake_robot/share/fake_robot/hook/cmake_prefix_path.dsv'
[1.070s] INFO:colcon.colcon_core.shell:Creating environment hook '/home/felix/Schreibtisch/projects/ros2_homework_1/install/fake_robot/share/fake_robot/hook/cmake_prefix_path.sh'
[1.071s] Level 1:colcon.colcon_core.environment:checking '/home/felix/Schreibtisch/projects/ros2_homework_1/install/fake_robot/lib'
[1.072s] Level 1:colcon.colcon_core.environment:checking '/home/felix/Schreibtisch/projects/ros2_homework_1/install/fake_robot/bin'
[1.072s] Level 1:colcon.colcon_core.environment:checking '/home/felix/Schreibtisch/projects/ros2_homework_1/install/fake_robot/lib/pkgconfig/fake_robot.pc'
[1.072s] Level 1:colcon.colcon_core.environment:checking '/home/felix/Schreibtisch/projects/ros2_homework_1/install/fake_robot/lib/python3.12/site-packages'
[1.073s] Level 1:colcon.colcon_core.environment:checking '/home/felix/Schreibtisch/projects/ros2_homework_1/install/fake_robot/bin'
[1.074s] INFO:colcon.colcon_core.shell:Creating package script '/home/felix/Schreibtisch/projects/ros2_homework_1/install/fake_robot/share/fake_robot/package.ps1'
[1.075s] INFO:colcon.colcon_core.shell:Creating package descriptor '/home/felix/Schreibtisch/projects/ros2_homework_1/install/fake_robot/share/fake_robot/package.dsv'
[1.076s] INFO:colcon.colcon_core.shell:Creating package script '/home/felix/Schreibtisch/projects/ros2_homework_1/install/fake_robot/share/fake_robot/package.sh'
[1.077s] INFO:colcon.colcon_core.shell:Creating package script '/home/felix/Schreibtisch/projects/ros2_homework_1/install/fake_robot/share/fake_robot/package.bash'
[1.079s] INFO:colcon.colcon_core.shell:Creating package script '/home/felix/Schreibtisch/projects/ros2_homework_1/install/fake_robot/share/fake_robot/package.zsh'
[1.080s] Level 1:colcon.colcon_core.environment:create_file_with_runtime_dependencies(/home/felix/Schreibtisch/projects/ros2_homework_1/install/fake_robot/share/colcon-core/packages/fake_robot)
[1.081s] Level 1:colcon.colcon_core.environment:create_environment_scripts_only(fake_robot)
[1.081s] Level 1:colcon.colcon_core.environment:checking '/home/felix/Schreibtisch/projects/ros2_homework_1/install/fake_robot' for CMake module files
[1.082s] Level 1:colcon.colcon_core.environment:checking '/home/felix/Schreibtisch/projects/ros2_homework_1/install/fake_robot' for CMake config files
[1.083s] Level 1:colcon.colcon_core.shell:create_environment_hook('fake_robot', 'cmake_prefix_path')
[1.083s] INFO:colcon.colcon_core.shell:Creating environment hook '/home/felix/Schreibtisch/projects/ros2_homework_1/install/fake_robot/share/fake_robot/hook/cmake_prefix_path.ps1'
[1.084s] INFO:colcon.colcon_core.shell:Creating environment descriptor '/home/felix/Schreibtisch/projects/ros2_homework_1/install/fake_robot/share/fake_robot/hook/cmake_prefix_path.dsv'
[1.085s] INFO:colcon.colcon_core.shell:Creating environment hook '/home/felix/Schreibtisch/projects/ros2_homework_1/install/fake_robot/share/fake_robot/hook/cmake_prefix_path.sh'
[1.086s] Level 1:colcon.colcon_core.environment:checking '/home/felix/Schreibtisch/projects/ros2_homework_1/install/fake_robot/lib'
[1.086s] Level 1:colcon.colcon_core.environment:checking '/home/felix/Schreibtisch/projects/ros2_homework_1/install/fake_robot/bin'
[1.086s] Level 1:colcon.colcon_core.environment:checking '/home/felix/Schreibtisch/projects/ros2_homework_1/install/fake_robot/lib/pkgconfig/fake_robot.pc'
[1.087s] Level 1:colcon.colcon_core.environment:checking '/home/felix/Schreibtisch/projects/ros2_homework_1/install/fake_robot/lib/python3.12/site-packages'
[1.087s] Level 1:colcon.colcon_core.environment:checking '/home/felix/Schreibtisch/projects/ros2_homework_1/install/fake_robot/bin'
[1.088s] INFO:colcon.colcon_core.shell:Creating package script '/home/felix/Schreibtisch/projects/ros2_homework_1/install/fake_robot/share/fake_robot/package.ps1'
[1.089s] INFO:colcon.colcon_core.shell:Creating package descriptor '/home/felix/Schreibtisch/projects/ros2_homework_1/install/fake_robot/share/fake_robot/package.dsv'
[1.090s] INFO:colcon.colcon_core.shell:Creating package script '/home/felix/Schreibtisch/projects/ros2_homework_1/install/fake_robot/share/fake_robot/package.sh'
[1.091s] INFO:colcon.colcon_core.shell:Creating package script '/home/felix/Schreibtisch/projects/ros2_homework_1/install/fake_robot/share/fake_robot/package.bash'
[1.091s] INFO:colcon.colcon_core.shell:Creating package script '/home/felix/Schreibtisch/projects/ros2_homework_1/install/fake_robot/share/fake_robot/package.zsh'
[1.092s] Level 1:colcon.colcon_core.environment:create_file_with_runtime_dependencies(/home/felix/Schreibtisch/projects/ros2_homework_1/install/fake_robot/share/colcon-core/packages/fake_robot)
[1.953s] DEBUG:colcon.colcon_core.event_handler.log_command:Invoking command in '/home/felix/Schreibtisch/projects/ros2_homework_1/src/kalman_positioning': PYTHONPATH=/home/felix/Schreibtisch/projects/ros2_homework_1/build/kalman_positioning/prefix_override:/usr/lib/python3/dist-packages/colcon_core/task/python/colcon_distutils_commands:/home/felix/Schreibtisch/projects/ros2_homework_1/install/kalman_positioning/lib/python3.12/site-packages:${PYTHONPATH} /usr/bin/python3 -W ignore:setup.py install is deprecated -W ignore:easy_install command is deprecated setup.py egg_info --egg-base ../../build/kalman_positioning build --build-base /home/felix/Schreibtisch/projects/ros2_homework_1/build/kalman_positioning/build install --record /home/felix/Schreibtisch/projects/ros2_homework_1/build/kalman_positioning/install.log --single-version-externally-managed install_data
[2.476s] DEBUG:colcon.colcon_core.event_handler.log_command:Invoked command in '/home/felix/Schreibtisch/projects/ros2_homework_1/src/kalman_positioning' returned '1': PYTHONPATH=/home/felix/Schreibtisch/projects/ros2_homework_1/build/kalman_positioning/prefix_override:/usr/lib/python3/dist-packages/colcon_core/task/python/colcon_distutils_commands:/home/felix/Schreibtisch/projects/ros2_homework_1/install/kalman_positioning/lib/python3.12/site-packages:${PYTHONPATH} /usr/bin/python3 -W ignore:setup.py install is deprecated -W ignore:easy_install command is deprecated setup.py egg_info --egg-base ../../build/kalman_positioning build --build-base /home/felix/Schreibtisch/projects/ros2_homework_1/build/kalman_positioning/build install --record /home/felix/Schreibtisch/projects/ros2_homework_1/build/kalman_positioning/install.log --single-version-externally-managed install_data
[2.485s] DEBUG:colcon.colcon_parallel_executor.executor.parallel:closing loop
[2.486s] DEBUG:colcon.colcon_parallel_executor.executor.parallel:loop closed
[2.486s] DEBUG:colcon.colcon_parallel_executor.executor.parallel:run_until_complete finished with '1'
[2.486s] DEBUG:colcon.colcon_core.event_reactor:joining thread
[2.493s] INFO:colcon.colcon_core.plugin_system:Skipping extension 'colcon_notification.desktop_notification.terminal_notifier': Not used on non-Darwin systems
[2.494s] INFO:colcon.colcon_core.plugin_system:Skipping extension 'colcon_notification.desktop_notification.win32': Not used on non-Windows systems
[2.494s] INFO:colcon.colcon_notification.desktop_notification:Sending desktop notification using 'notify2'
[2.524s] DEBUG:colcon.colcon_core.event_reactor:joined thread
[2.524s] INFO:colcon.colcon_core.shell:Creating prefix script '/home/felix/Schreibtisch/projects/ros2_homework_1/install/local_setup.ps1'
[2.526s] INFO:colcon.colcon_core.shell:Creating prefix util module '/home/felix/Schreibtisch/projects/ros2_homework_1/install/_local_setup_util_ps1.py'
[2.528s] INFO:colcon.colcon_core.shell:Creating prefix chain script '/home/felix/Schreibtisch/projects/ros2_homework_1/install/setup.ps1'
[2.530s] INFO:colcon.colcon_core.shell:Creating prefix script '/home/felix/Schreibtisch/projects/ros2_homework_1/install/local_setup.sh'
[2.533s] INFO:colcon.colcon_core.shell:Creating prefix util module '/home/felix/Schreibtisch/projects/ros2_homework_1/install/_local_setup_util_sh.py'
[2.535s] INFO:colcon.colcon_core.shell:Creating prefix chain script '/home/felix/Schreibtisch/projects/ros2_homework_1/install/setup.sh'
[2.537s] INFO:colcon.colcon_core.shell:Creating prefix script '/home/felix/Schreibtisch/projects/ros2_homework_1/install/local_setup.bash'
[2.538s] INFO:colcon.colcon_core.shell:Creating prefix chain script '/home/felix/Schreibtisch/projects/ros2_homework_1/install/setup.bash'
[2.541s] INFO:colcon.colcon_core.shell:Creating prefix script '/home/felix/Schreibtisch/projects/ros2_homework_1/install/local_setup.zsh'
[2.542s] INFO:colcon.colcon_core.shell:Creating prefix chain script '/home/felix/Schreibtisch/projects/ros2_homework_1/install/setup.zsh'
