[0mCMake Deprecation Warning at /opt/ros/kilted/share/ament_cmake_target_dependencies/cmake/ament_target_dependencies.cmake:87 (message):
  ament_target_dependencies() is deprecated.  Use target_link_libraries()
  with modern CMake targets instead.  Try replacing this call with:

    target_link_libraries(positioning_node PUBLIC
      ${geometry_msgs_TARGETS}
      ${nav_msgs_TARGETS}
      ${sensor_msgs_TARGETS}
      rclcpp::rclcpp
      sensor_msgs::sensor_msgs_library
      tf2::tf2
      tf2_geometry_msgs::tf2_geometry_msgs
    )

Call Stack (most recent call first):
  CMakeLists.txt:34 (ament_target_dependencies)

[0m
In file included from [01m[K/opt/ros/kilted/include/rclcpp/rclcpp/logging.hpp:24[m[K,
                 from [01m[K/opt/ros/kilted/include/rclcpp/rclcpp/copy_all_parameter_values.hpp:27[m[K,
                 from [01m[K/opt/ros/kilted/include/rclcpp/rclcpp/rclcpp.hpp:171[m[K,
                 from [01m[K/home/felix/Schreibtisch/projects/ros2_homework_1/src/kalman_positioning/src/positioning_node.cpp:1[m[K:
[01m[K/home/felix/Schreibtisch/projects/ros2_homework_1/src/kalman_positioning/src/positioning_node.cpp:[m[K In member function ‘[01m[Kvoid PositioningNode::[01;32m[KlandmarksObservedCallback[m[K(sensor_msgs::msg::PointCloud2_<std::allocator<void> >::SharedPtr)[m[K’:
[01m[K/home/felix/Schreibtisch/projects/ros2_homework_1/src/kalman_positioning/src/positioning_node.cpp:126:13:[m[K [01;35m[Kwarning: [m[Kformat ‘[01m[K%lu[m[K’ expects argument of type ‘[01m[Klong unsigned int[m[K’, but argument 5 has type ‘[01m[Ksensor_msgs::msg::PointCloud2_<std::allocator<void> >::_width_type[m[K’ {aka ‘[01m[Kunsigned int[m[K’} [[01;35m[K]8;;https://gcc.gnu.org/onlinedocs/gcc/Warning-Options.html#index-Wformat=-Wformat=]8;;[m[K]
  126 |             [01;35m[K"Landmark observation received with %lu points"[m[K, [32m[Kmsg->width[m[K);
      |             [01;35m[K^~~~~~~~~~~~~~~~~~~~~~~~~~~~~~~~~~~~~~~~~~~~~~~[m[K  [32m[K~~~~~~~~~~[m[K
      |                                                                   [32m[K|[m[K
      |                                                                   [32m[Ksensor_msgs::msg::PointCloud2_<std::allocator<void> >::_width_type {aka unsigned int}[m[K
[01m[K/home/felix/Schreibtisch/projects/ros2_homework_1/src/kalman_positioning/src/positioning_node.cpp:126:51:[m[K [01;36m[Knote: [m[Kformat string is defined here
  126 |             "Landmark observation received with [01;36m[K%lu[m[K points", msg->width);
      |                                                 [01;36m[K~~^[m[K
      |                                                   [01;36m[K|[m[K
      |                                                   [01;36m[Klong unsigned int[m[K
      |                                                 [32m[K%u[m[K
[31mCMake Error at ament_cmake_symlink_install/ament_cmake_symlink_install.cmake:163 (message):
  ament_cmake_symlink_install_files() can't find
  '/home/felix/Schreibtisch/projects/ros2_homework_1/src/kalman_positioning/landmarks.csv'
Call Stack (most recent call first):
  ament_cmake_symlink_install_files_0_.cmake:1 (ament_cmake_symlink_install_files)
  ament_cmake_symlink_install/ament_cmake_symlink_install.cmake:332 (include)
  cmake_install.cmake:46 (include)

[0m
