[0.062s] Invoking command in '/home/felix/Schreibtisch/projects/ros2_homework_1/build/kalman_positioning': CMAKE_PREFIX_PATH=${CMAKE_PREFIX_PATH}:/opt/ros/kilted /usr/bin/cmake /home/felix/Schreibtisch/projects/ros2_homework_1/src/kalman_positioning -DAMENT_CMAKE_SYMLINK_INSTALL=1 -DCMAKE_INSTALL_PREFIX=/home/felix/Schreibtisch/projects/ros2_homework_1/install/kalman_positioning
[0.518s] -- The C compiler identification is GNU 13.3.0
[0.856s] -- The CXX compiler identification is GNU 13.3.0
[0.938s] -- Detecting C compiler ABI info
[1.348s] -- Detecting C compiler ABI info - done
[1.394s] -- Check for working C compiler: /usr/bin/cc - skipped
[1.394s] -- Detecting C compile features
[1.399s] -- Detecting C compile features - done
[1.449s] -- Detecting CXX compiler ABI info
[1.820s] -- Detecting CXX compiler ABI info - done
[1.854s] -- Check for working CXX compiler: /usr/bin/c++ - skipped
[1.857s] -- Detecting CXX compile features
[1.859s] -- Detecting CXX compile features - done
[1.876s] -- Found ament_cmake: 2.7.3 (/opt/ros/kilted/share/ament_cmake/cmake)
[2.352s] -- Found Python3: /usr/bin/python3 (found version "3.12.3") found components: Interpreter 
[2.611s] -- Override CMake install command with custom implementation using symlinks instead of copying resources
[2.711s] -- Found rclcpp: 29.5.4 (/opt/ros/kilted/share/rclcpp/cmake)
[2.834s] -- Found rosidl_generator_c: 4.9.5 (/opt/ros/kilted/share/rosidl_generator_c/cmake)
[2.876s] -- Found rosidl_generator_cpp: 4.9.5 (/opt/ros/kilted/share/rosidl_generator_cpp/cmake)
[2.933s] -- Using all available rosidl_typesupport_c: rosidl_typesupport_fastrtps_c;rosidl_typesupport_introspection_c
[2.984s] -- Using all available rosidl_typesupport_cpp: rosidl_typesupport_fastrtps_cpp;rosidl_typesupport_introspection_cpp
[3.260s] -- Found rmw_implementation_cmake: 7.8.2 (/opt/ros/kilted/share/rmw_implementation_cmake/cmake)
[3.265s] -- Found rmw_fastrtps_cpp: 9.3.3 (/opt/ros/kilted/share/rmw_fastrtps_cpp/cmake)
[3.542s] -- Found OpenSSL: /usr/lib/x86_64-linux-gnu/libcrypto.so (found version "3.0.13")  
[3.586s] -- Using RMW implementation 'rmw_fastrtps_cpp' as default
[3.859s] -- Found nav_msgs: 5.5.1 (/opt/ros/kilted/share/nav_msgs/cmake)
[4.061s] -- Found sensor_msgs: 5.5.1 (/opt/ros/kilted/share/sensor_msgs/cmake)
[4.163s] -- Found tf2: 0.41.4 (/opt/ros/kilted/share/tf2/cmake)
[4.186s] -- Found tf2_geometry_msgs: 0.41.4 (/opt/ros/kilted/share/tf2_geometry_msgs/cmake)
[4.265s] -- Found eigen3_cmake_module: 0.4.0 (/opt/ros/kilted/share/eigen3_cmake_module/cmake)
[4.280s] -- Found Eigen3: TRUE (found version "3.4.0") 
[4.280s] -- Ensuring Eigen3 include directory is part of orocos-kdl CMake target
[4.782s] [0mCMake Deprecation Warning at /opt/ros/kilted/share/ament_cmake_target_dependencies/cmake/ament_target_dependencies.cmake:87 (message):
[4.784s]   ament_target_dependencies() is deprecated.  Use target_link_libraries()
[4.785s]   with modern CMake targets instead.  Try replacing this call with:
[4.785s] 
[4.785s]     target_link_libraries(positioning_node PUBLIC
[4.785s]       ${geometry_msgs_TARGETS}
[4.785s]       ${nav_msgs_TARGETS}
[4.786s]       ${sensor_msgs_TARGETS}
[4.786s]       rclcpp::rclcpp
[4.786s]       sensor_msgs::sensor_msgs_library
[4.790s]       tf2::tf2
[4.790s]       tf2_geometry_msgs::tf2_geometry_msgs
[4.790s]     )
[4.793s] 
[4.794s] Call Stack (most recent call first):
[4.794s]   CMakeLists.txt:34 (ament_target_dependencies)
[4.794s] 
[4.794s] [0m
[4.798s] -- Found ament_lint_auto: 0.19.2 (/opt/ros/kilted/share/ament_lint_auto/cmake)
[5.245s] -- Added test 'cppcheck' to perform static code analysis on C / C++ code
[5.246s] -- Configured cppcheck include dirs: /home/felix/Schreibtisch/projects/ros2_homework_1/src/kalman_positioning/include
[5.246s] -- Configured cppcheck exclude dirs and/or files: 
[5.252s] -- Added test 'flake8' to check Python code syntax and style conventions
[5.252s] -- Configured 'flake8' exclude dirs and/or files: 
[5.253s] -- Added test 'lint_cmake' to check CMake code style
[5.260s] -- Added test 'pep257' to check Python code against some of the docstring style conventions in PEP 257
[5.279s] -- Added test 'uncrustify' to check C / C++ code style
[5.282s] -- Configured uncrustify additional arguments: 
[5.293s] -- Added test 'xmllint' to check XML markup files
[5.319s] -- Configuring done (5.2s)
[7.329s] -- Generating done (1.6s)
[7.453s] -- Build files have been written to: /home/felix/Schreibtisch/projects/ros2_homework_1/build/kalman_positioning
[7.584s] Invoked command in '/home/felix/Schreibtisch/projects/ros2_homework_1/build/kalman_positioning' returned '0': CMAKE_PREFIX_PATH=${CMAKE_PREFIX_PATH}:/opt/ros/kilted /usr/bin/cmake /home/felix/Schreibtisch/projects/ros2_homework_1/src/kalman_positioning -DAMENT_CMAKE_SYMLINK_INSTALL=1 -DCMAKE_INSTALL_PREFIX=/home/felix/Schreibtisch/projects/ros2_homework_1/install/kalman_positioning
[7.586s] Invoking command in '/home/felix/Schreibtisch/projects/ros2_homework_1/build/kalman_positioning': CMAKE_PREFIX_PATH=${CMAKE_PREFIX_PATH}:/opt/ros/kilted /usr/bin/cmake --build /home/felix/Schreibtisch/projects/ros2_homework_1/build/kalman_positioning -- -j4 -l4
[8.123s] [ 50%] [32mBuilding CXX object CMakeFiles/positioning_node.dir/src/positioning_node.cpp.o[0m
[17.948s] In file included from [01m[K/opt/ros/kilted/include/rclcpp/rclcpp/logging.hpp:24[m[K,
[17.948s]                  from [01m[K/opt/ros/kilted/include/rclcpp/rclcpp/copy_all_parameter_values.hpp:27[m[K,
[17.948s]                  from [01m[K/opt/ros/kilted/include/rclcpp/rclcpp/rclcpp.hpp:171[m[K,
[17.948s]                  from [01m[K/home/felix/Schreibtisch/projects/ros2_homework_1/src/kalman_positioning/src/positioning_node.cpp:1[m[K:
[17.951s] [01m[K/home/felix/Schreibtisch/projects/ros2_homework_1/src/kalman_positioning/src/positioning_node.cpp:[m[K In member function ‘[01m[Kvoid PositioningNode::[01;32m[KlandmarksObservedCallback[m[K(sensor_msgs::msg::PointCloud2_<std::allocator<void> >::SharedPtr)[m[K’:
[17.951s] [01m[K/home/felix/Schreibtisch/projects/ros2_homework_1/src/kalman_positioning/src/positioning_node.cpp:126:13:[m[K [01;35m[Kwarning: [m[Kformat ‘[01m[K%lu[m[K’ expects argument of type ‘[01m[Klong unsigned int[m[K’, but argument 5 has type ‘[01m[Ksensor_msgs::msg::PointCloud2_<std::allocator<void> >::_width_type[m[K’ {aka ‘[01m[Kunsigned int[m[K’} [[01;35m[K]8;;https://gcc.gnu.org/onlinedocs/gcc/Warning-Options.html#index-Wformat=-Wformat=]8;;[m[K]
[17.951s]   126 |             [01;35m[K"Landmark observation received with %lu points"[m[K, [32m[Kmsg->width[m[K);
[17.952s]       |             [01;35m[K^~~~~~~~~~~~~~~~~~~~~~~~~~~~~~~~~~~~~~~~~~~~~~~[m[K  [32m[K~~~~~~~~~~[m[K
[17.952s]       |                                                                   [32m[K|[m[K
[17.955s]       |                                                                   [32m[Ksensor_msgs::msg::PointCloud2_<std::allocator<void> >::_width_type {aka unsigned int}[m[K
[17.955s] [01m[K/home/felix/Schreibtisch/projects/ros2_homework_1/src/kalman_positioning/src/positioning_node.cpp:126:51:[m[K [01;36m[Knote: [m[Kformat string is defined here
[17.956s]   126 |             "Landmark observation received with [01;36m[K%lu[m[K points", msg->width);
[17.956s]       |                                                 [01;36m[K~~^[m[K
[17.956s]       |                                                   [01;36m[K|[m[K
[17.956s]       |                                                   [01;36m[Klong unsigned int[m[K
[17.956s]       |                                                 [32m[K%u[m[K
[34.925s] [100%] [32m[1mLinking CXX executable positioning_node[0m
[52.108s] [100%] Built target positioning_node
[52.122s] Invoked command in '/home/felix/Schreibtisch/projects/ros2_homework_1/build/kalman_positioning' returned '0': CMAKE_PREFIX_PATH=${CMAKE_PREFIX_PATH}:/opt/ros/kilted /usr/bin/cmake --build /home/felix/Schreibtisch/projects/ros2_homework_1/build/kalman_positioning -- -j4 -l4
[52.123s] Invoking command in '/home/felix/Schreibtisch/projects/ros2_homework_1/build/kalman_positioning': CMAKE_PREFIX_PATH=${CMAKE_PREFIX_PATH}:/opt/ros/kilted /usr/bin/cmake --install /home/felix/Schreibtisch/projects/ros2_homework_1/build/kalman_positioning
[52.133s] -- Install configuration: ""
[52.134s] -- Execute custom install script
[52.134s] -- Symlinking: /home/felix/Schreibtisch/projects/ros2_homework_1/install/kalman_positioning/lib/kalman_positioning/positioning_node
[52.146s] -- Symlinking: /home/felix/Schreibtisch/projects/ros2_homework_1/install/kalman_positioning/include/kalman_positioning/landmark_manager.hpp
[52.160s] -- Symlinking: /home/felix/Schreibtisch/projects/ros2_homework_1/install/kalman_positioning/include/kalman_positioning/ukf.hpp
[52.186s] -- Symlinking: /home/felix/Schreibtisch/projects/ros2_homework_1/install/kalman_positioning/share/kalman_positioning/launch/positioning.launch.py
[52.197s] [31mCMake Error at ament_cmake_symlink_install/ament_cmake_symlink_install.cmake:163 (message):
[52.197s]   ament_cmake_symlink_install_files() can't find
[52.198s]   '/home/felix/Schreibtisch/projects/ros2_homework_1/src/kalman_positioning/landmarks.csv'
[52.198s] Call Stack (most recent call first):
[52.198s]   ament_cmake_symlink_install_files_0_.cmake:1 (ament_cmake_symlink_install_files)
[52.198s]   ament_cmake_symlink_install/ament_cmake_symlink_install.cmake:332 (include)
[52.199s]   cmake_install.cmake:46 (include)
[52.199s] 
[52.199s] [0m
[52.200s] Invoked command in '/home/felix/Schreibtisch/projects/ros2_homework_1/build/kalman_positioning' returned '1': CMAKE_PREFIX_PATH=${CMAKE_PREFIX_PATH}:/opt/ros/kilted /usr/bin/cmake --install /home/felix/Schreibtisch/projects/ros2_homework_1/build/kalman_positioning
