-- Found ament_cmake: 2.7.3 (/opt/ros/kilted/share/ament_cmake/cmake)
-- Override CMake install command with custom implementation using symlinks instead of copying resources
-- Found rclcpp: 29.5.4 (/opt/ros/kilted/share/rclcpp/cmake)
-- Found rosidl_generator_c: 4.9.5 (/opt/ros/kilted/share/rosidl_generator_c/cmake)
-- Found rosidl_generator_cpp: 4.9.5 (/opt/ros/kilted/share/rosidl_generator_cpp/cmake)
-- Using all available rosidl_typesupport_c: rosidl_typesupport_fastrtps_c;rosidl_typesupport_introspection_c
-- Using all available rosidl_typesupport_cpp: rosidl_typesupport_fastrtps_cpp;rosidl_typesupport_introspection_cpp
-- Found rmw_implementation_cmake: 7.8.2 (/opt/ros/kilted/share/rmw_implementation_cmake/cmake)
-- Found rmw_fastrtps_cpp: 9.3.3 (/opt/ros/kilted/share/rmw_fastrtps_cpp/cmake)
-- Using RMW implementation 'rmw_fastrtps_cpp' as default
-- Found geometry_msgs: 5.5.1 (/opt/ros/kilted/share/geometry_msgs/cmake)
-- Found sensor_msgs: 5.5.1 (/opt/ros/kilted/share/sensor_msgs/cmake)
-- Found nav_msgs: 5.5.1 (/opt/ros/kilted/share/nav_msgs/cmake)
-- Found tf2_ros: 0.41.4 (/opt/ros/kilted/share/tf2_ros/cmake)
[0mCMake Deprecation Warning at /opt/ros/kilted/share/ament_cmake_target_dependencies/cmake/ament_target_dependencies.cmake:87 (message):
  ament_target_dependencies() is deprecated.  Use target_link_libraries()
  with modern CMake targets instead.  Try replacing this call with:

    target_link_libraries(fake_robot PUBLIC
      ${geometry_msgs_TARGETS}
      ${nav_msgs_TARGETS}
      ${sensor_msgs_TARGETS}
      ${std_msgs_TARGETS}
      rclcpp::rclcpp
      sensor_msgs::sensor_msgs_library
      tf2_ros::static_transform_broadcaster_node
      tf2_ros::tf2_ros
    )

Call Stack (most recent call first):
  CMakeLists.txt:22 (ament_target_dependencies)

[0m
-- Found ament_lint_auto: 0.19.2 (/opt/ros/kilted/share/ament_lint_auto/cmake)
-- Added test 'cppcheck' to perform static code analysis on C / C++ code
-- Configured cppcheck include dirs: $<BUILD_INTERFACE:/home/felix/Schreibtisch/projects/ros2_homework_1/src/fake_robot/include>
-- Configured cppcheck exclude dirs and/or files: 
-- Added test 'flake8' to check Python code syntax and style conventions
-- Configured 'flake8' exclude dirs and/or files: 
-- Added test 'lint_cmake' to check CMake code style
-- Added test 'pep257' to check Python code against some of the docstring style conventions in PEP 257
-- Added test 'uncrustify' to check C / C++ code style
-- Configured uncrustify additional arguments: 
-- Added test 'xmllint' to check XML markup files
-- Configuring done (4.0s)
-- Generating done (0.1s)
-- Build files have been written to: /home/felix/Schreibtisch/projects/ros2_homework_1/build/fake_robot
[ 50%] [32mBuilding CXX object CMakeFiles/fake_robot.dir/src/fake_robot.cpp.o[0m
[100%] [32m[1mLinking CXX executable fake_robot[0m
[100%] Built target fake_robot
-- Install configuration: ""
-- Execute custom install script
-- Symlinking: /home/felix/Schreibtisch/projects/ros2_homework_1/install/fake_robot/lib/fake_robot/fake_robot
-- Symlinking: /home/felix/Schreibtisch/projects/ros2_homework_1/install/fake_robot/share/fake_robot/launch/fake_robot.launch.py
-- Symlinking: /home/felix/Schreibtisch/projects/ros2_homework_1/install/fake_robot/share/fake_robot/data/landmarks.csv
-- Symlinking: /home/felix/Schreibtisch/projects/ros2_homework_1/install/fake_robot/share/ament_index/resource_index/package_run_dependencies/fake_robot
-- Symlinking: /home/felix/Schreibtisch/projects/ros2_homework_1/install/fake_robot/share/ament_index/resource_index/parent_prefix_path/fake_robot
-- Symlinking: /home/felix/Schreibtisch/projects/ros2_homework_1/install/fake_robot/share/fake_robot/environment/ament_prefix_path.sh
-- Symlinking: /home/felix/Schreibtisch/projects/ros2_homework_1/install/fake_robot/share/fake_robot/environment/ament_prefix_path.dsv
-- Symlinking: /home/felix/Schreibtisch/projects/ros2_homework_1/install/fake_robot/share/fake_robot/environment/path.sh
-- Symlinking: /home/felix/Schreibtisch/projects/ros2_homework_1/install/fake_robot/share/fake_robot/environment/path.dsv
-- Symlinking: /home/felix/Schreibtisch/projects/ros2_homework_1/install/fake_robot/share/fake_robot/local_setup.bash
-- Symlinking: /home/felix/Schreibtisch/projects/ros2_homework_1/install/fake_robot/share/fake_robot/local_setup.sh
-- Symlinking: /home/felix/Schreibtisch/projects/ros2_homework_1/install/fake_robot/share/fake_robot/local_setup.zsh
-- Symlinking: /home/felix/Schreibtisch/projects/ros2_homework_1/install/fake_robot/share/fake_robot/local_setup.dsv
-- Symlinking: /home/felix/Schreibtisch/projects/ros2_homework_1/install/fake_robot/share/fake_robot/package.dsv
-- Symlinking: /home/felix/Schreibtisch/projects/ros2_homework_1/install/fake_robot/share/ament_index/resource_index/packages/fake_robot
-- Symlinking: /home/felix/Schreibtisch/projects/ros2_homework_1/install/fake_robot/share/fake_robot/cmake/fake_robotConfig.cmake
-- Symlinking: /home/felix/Schreibtisch/projects/ros2_homework_1/install/fake_robot/share/fake_robot/cmake/fake_robotConfig-version.cmake
-- Symlinking: /home/felix/Schreibtisch/projects/ros2_homework_1/install/fake_robot/share/fake_robot/package.xml
