[0.065s] Invoking command in '/home/felix/Schreibtisch/projects/ros2_homework_1/build/fake_robot': CMAKE_PREFIX_PATH=${CMAKE_PREFIX_PATH}:/opt/ros/kilted /usr/bin/cmake /home/felix/Schreibtisch/projects/ros2_homework_1/src/fake_robot -DAMENT_CMAKE_SYMLINK_INSTALL=1 -DCMAKE_INSTALL_PREFIX=/home/felix/Schreibtisch/projects/ros2_homework_1/install/fake_robot
[0.142s] -- Found ament_cmake: 2.7.3 (/opt/ros/kilted/share/ament_cmake/cmake)
[1.151s] -- Override CMake install command with custom implementation using symlinks instead of copying resources
[1.267s] -- Found rclcpp: 29.5.4 (/opt/ros/kilted/share/rclcpp/cmake)
[1.476s] -- Found rosidl_generator_c: 4.9.5 (/opt/ros/kilted/share/rosidl_generator_c/cmake)
[1.558s] -- Found rosidl_generator_cpp: 4.9.5 (/opt/ros/kilted/share/rosidl_generator_cpp/cmake)
[1.636s] -- Using all available rosidl_typesupport_c: rosidl_typesupport_fastrtps_c;rosidl_typesupport_introspection_c
[1.725s] -- Using all available rosidl_typesupport_cpp: rosidl_typesupport_fastrtps_cpp;rosidl_typesupport_introspection_cpp
[2.005s] -- Found rmw_implementation_cmake: 7.8.2 (/opt/ros/kilted/share/rmw_implementation_cmake/cmake)
[2.017s] -- Found rmw_fastrtps_cpp: 9.3.3 (/opt/ros/kilted/share/rmw_fastrtps_cpp/cmake)
[2.194s] -- Using RMW implementation 'rmw_fastrtps_cpp' as default
[2.625s] -- Found geometry_msgs: 5.5.1 (/opt/ros/kilted/share/geometry_msgs/cmake)
[2.763s] -- Found sensor_msgs: 5.5.1 (/opt/ros/kilted/share/sensor_msgs/cmake)
[2.847s] -- Found nav_msgs: 5.5.1 (/opt/ros/kilted/share/nav_msgs/cmake)
[2.945s] -- Found tf2_ros: 0.41.4 (/opt/ros/kilted/share/tf2_ros/cmake)
[3.481s] [0mCMake Deprecation Warning at /opt/ros/kilted/share/ament_cmake_target_dependencies/cmake/ament_target_dependencies.cmake:87 (message):
[3.481s]   ament_target_dependencies() is deprecated.  Use target_link_libraries()
[3.481s]   with modern CMake targets instead.  Try replacing this call with:
[3.481s] 
[3.481s]     target_link_libraries(fake_robot PUBLIC
[3.482s]       ${geometry_msgs_TARGETS}
[3.483s]       ${nav_msgs_TARGETS}
[3.484s]       ${sensor_msgs_TARGETS}
[3.484s]       ${std_msgs_TARGETS}
[3.484s]       rclcpp::rclcpp
[3.484s]       sensor_msgs::sensor_msgs_library
[3.484s]       tf2_ros::static_transform_broadcaster_node
[3.485s]       tf2_ros::tf2_ros
[3.485s]     )
[3.485s] 
[3.485s] Call Stack (most recent call first):
[3.485s]   CMakeLists.txt:22 (ament_target_dependencies)
[3.485s] 
[3.486s] [0m
[3.495s] -- Found ament_lint_auto: 0.19.2 (/opt/ros/kilted/share/ament_lint_auto/cmake)
[4.035s] -- Added test 'cppcheck' to perform static code analysis on C / C++ code
[4.037s] -- Configured cppcheck include dirs: $<BUILD_INTERFACE:/home/felix/Schreibtisch/projects/ros2_homework_1/src/fake_robot/include>
[4.039s] -- Configured cppcheck exclude dirs and/or files: 
[4.040s] -- Added test 'flake8' to check Python code syntax and style conventions
[4.040s] -- Configured 'flake8' exclude dirs and/or files: 
[4.048s] -- Added test 'lint_cmake' to check CMake code style
[4.049s] -- Added test 'pep257' to check Python code against some of the docstring style conventions in PEP 257
[4.062s] -- Added test 'uncrustify' to check C / C++ code style
[4.063s] -- Configured uncrustify additional arguments: 
[4.071s] -- Added test 'xmllint' to check XML markup files
[4.078s] -- Configuring done (4.0s)
[4.194s] -- Generating done (0.1s)
[4.219s] -- Build files have been written to: /home/felix/Schreibtisch/projects/ros2_homework_1/build/fake_robot
[4.264s] Invoked command in '/home/felix/Schreibtisch/projects/ros2_homework_1/build/fake_robot' returned '0': CMAKE_PREFIX_PATH=${CMAKE_PREFIX_PATH}:/opt/ros/kilted /usr/bin/cmake /home/felix/Schreibtisch/projects/ros2_homework_1/src/fake_robot -DAMENT_CMAKE_SYMLINK_INSTALL=1 -DCMAKE_INSTALL_PREFIX=/home/felix/Schreibtisch/projects/ros2_homework_1/install/fake_robot
[4.268s] Invoking command in '/home/felix/Schreibtisch/projects/ros2_homework_1/build/fake_robot': CMAKE_PREFIX_PATH=${CMAKE_PREFIX_PATH}:/opt/ros/kilted /usr/bin/cmake --build /home/felix/Schreibtisch/projects/ros2_homework_1/build/fake_robot -- -j4 -l4
[4.538s] [ 50%] [32mBuilding CXX object CMakeFiles/fake_robot.dir/src/fake_robot.cpp.o[0m
[23.936s] [100%] [32m[1mLinking CXX executable fake_robot[0m
[24.882s] [100%] Built target fake_robot
[24.905s] Invoked command in '/home/felix/Schreibtisch/projects/ros2_homework_1/build/fake_robot' returned '0': CMAKE_PREFIX_PATH=${CMAKE_PREFIX_PATH}:/opt/ros/kilted /usr/bin/cmake --build /home/felix/Schreibtisch/projects/ros2_homework_1/build/fake_robot -- -j4 -l4
[24.933s] Invoking command in '/home/felix/Schreibtisch/projects/ros2_homework_1/build/fake_robot': CMAKE_PREFIX_PATH=${CMAKE_PREFIX_PATH}:/opt/ros/kilted /usr/bin/cmake --install /home/felix/Schreibtisch/projects/ros2_homework_1/build/fake_robot
[24.962s] -- Install configuration: ""
[24.964s] -- Execute custom install script
[24.967s] -- Symlinking: /home/felix/Schreibtisch/projects/ros2_homework_1/install/fake_robot/lib/fake_robot/fake_robot
[25.015s] -- Symlinking: /home/felix/Schreibtisch/projects/ros2_homework_1/install/fake_robot/share/fake_robot/launch/fake_robot.launch.py
[25.060s] -- Symlinking: /home/felix/Schreibtisch/projects/ros2_homework_1/install/fake_robot/share/fake_robot/data/landmarks.csv
[25.142s] -- Symlinking: /home/felix/Schreibtisch/projects/ros2_homework_1/install/fake_robot/share/ament_index/resource_index/package_run_dependencies/fake_robot
[25.204s] -- Symlinking: /home/felix/Schreibtisch/projects/ros2_homework_1/install/fake_robot/share/ament_index/resource_index/parent_prefix_path/fake_robot
[25.314s] -- Symlinking: /home/felix/Schreibtisch/projects/ros2_homework_1/install/fake_robot/share/fake_robot/environment/ament_prefix_path.sh
[25.408s] -- Symlinking: /home/felix/Schreibtisch/projects/ros2_homework_1/install/fake_robot/share/fake_robot/environment/ament_prefix_path.dsv
[25.467s] -- Symlinking: /home/felix/Schreibtisch/projects/ros2_homework_1/install/fake_robot/share/fake_robot/environment/path.sh
[25.502s] -- Symlinking: /home/felix/Schreibtisch/projects/ros2_homework_1/install/fake_robot/share/fake_robot/environment/path.dsv
[25.536s] -- Symlinking: /home/felix/Schreibtisch/projects/ros2_homework_1/install/fake_robot/share/fake_robot/local_setup.bash
[25.578s] -- Symlinking: /home/felix/Schreibtisch/projects/ros2_homework_1/install/fake_robot/share/fake_robot/local_setup.sh
[25.612s] -- Symlinking: /home/felix/Schreibtisch/projects/ros2_homework_1/install/fake_robot/share/fake_robot/local_setup.zsh
[25.659s] -- Symlinking: /home/felix/Schreibtisch/projects/ros2_homework_1/install/fake_robot/share/fake_robot/local_setup.dsv
[25.727s] -- Symlinking: /home/felix/Schreibtisch/projects/ros2_homework_1/install/fake_robot/share/fake_robot/package.dsv
[25.775s] -- Symlinking: /home/felix/Schreibtisch/projects/ros2_homework_1/install/fake_robot/share/ament_index/resource_index/packages/fake_robot
[25.811s] -- Symlinking: /home/felix/Schreibtisch/projects/ros2_homework_1/install/fake_robot/share/fake_robot/cmake/fake_robotConfig.cmake
[25.853s] -- Symlinking: /home/felix/Schreibtisch/projects/ros2_homework_1/install/fake_robot/share/fake_robot/cmake/fake_robotConfig-version.cmake
[25.874s] -- Symlinking: /home/felix/Schreibtisch/projects/ros2_homework_1/install/fake_robot/share/fake_robot/package.xml
[25.905s] Invoked command in '/home/felix/Schreibtisch/projects/ros2_homework_1/build/fake_robot' returned '0': CMAKE_PREFIX_PATH=${CMAKE_PREFIX_PATH}:/opt/ros/kilted /usr/bin/cmake --install /home/felix/Schreibtisch/projects/ros2_homework_1/build/fake_robot
