[0.013s] Invoking command in '/home/felix/Schreibtisch/projects/ros2_homework_1/build/fake_robot': CMAKE_PREFIX_PATH=${CMAKE_PREFIX_PATH}:/opt/ros/kilted /usr/bin/cmake /home/felix/Schreibtisch/projects/ros2_homework_1/src/fake_robot -DCMAKE_INSTALL_PREFIX=/home/felix/Schreibtisch/projects/ros2_homework_1/install/fake_robot
[0.283s] -- The C compiler identification is GNU 13.3.0
[0.446s] -- The CXX compiler identification is GNU 13.3.0
[0.474s] -- Detecting C compiler ABI info
[0.604s] -- Detecting C compiler ABI info - done
[0.626s] -- Check for working C compiler: /usr/bin/cc - skipped
[0.629s] -- Detecting C compile features
[0.630s] -- Detecting C compile features - done
[0.643s] -- Detecting CXX compiler ABI info
[0.785s] -- Detecting CXX compiler ABI info - done
[0.798s] -- Check for working CXX compiler: /usr/bin/c++ - skipped
[0.799s] -- Detecting CXX compile features
[0.800s] -- Detecting CXX compile features - done
[0.816s] -- Found ament_cmake: 2.7.3 (/opt/ros/kilted/share/ament_cmake/cmake)
[1.023s] -- Found Python3: /usr/bin/python3 (found version "3.12.3") found components: Interpreter 
[1.198s] -- Found rclcpp: 29.5.4 (/opt/ros/kilted/share/rclcpp/cmake)
[1.277s] -- Found rosidl_generator_c: 4.9.5 (/opt/ros/kilted/share/rosidl_generator_c/cmake)
[1.300s] -- Found rosidl_generator_cpp: 4.9.5 (/opt/ros/kilted/share/rosidl_generator_cpp/cmake)
[1.344s] -- Using all available rosidl_typesupport_c: rosidl_typesupport_fastrtps_c;rosidl_typesupport_introspection_c
[1.377s] -- Using all available rosidl_typesupport_cpp: rosidl_typesupport_fastrtps_cpp;rosidl_typesupport_introspection_cpp
[1.521s] -- Found rmw_implementation_cmake: 7.8.2 (/opt/ros/kilted/share/rmw_implementation_cmake/cmake)
[1.532s] -- Found rmw_fastrtps_cpp: 9.3.3 (/opt/ros/kilted/share/rmw_fastrtps_cpp/cmake)
[1.678s] -- Found OpenSSL: /usr/lib/x86_64-linux-gnu/libcrypto.so (found version "3.0.13")  
[1.693s] -- Using RMW implementation 'rmw_fastrtps_cpp' as default
[1.850s] -- Found geometry_msgs: 5.5.1 (/opt/ros/kilted/share/geometry_msgs/cmake)
[1.907s] -- Found sensor_msgs: 5.5.1 (/opt/ros/kilted/share/sensor_msgs/cmake)
[1.970s] -- Found nav_msgs: 5.5.1 (/opt/ros/kilted/share/nav_msgs/cmake)
[2.014s] -- Found tf2_ros: 0.41.4 (/opt/ros/kilted/share/tf2_ros/cmake)
[2.265s] [0mCMake Deprecation Warning at /opt/ros/kilted/share/ament_cmake_target_dependencies/cmake/ament_target_dependencies.cmake:87 (message):
[2.265s]   ament_target_dependencies() is deprecated.  Use target_link_libraries()
[2.265s]   with modern CMake targets instead.  Try replacing this call with:
[2.265s] 
[2.265s]     target_link_libraries(fake_robot PUBLIC
[2.265s]       ${geometry_msgs_TARGETS}
[2.265s]       ${nav_msgs_TARGETS}
[2.265s]       ${sensor_msgs_TARGETS}
[2.266s]       ${std_msgs_TARGETS}
[2.266s]       rclcpp::rclcpp
[2.266s]       sensor_msgs::sensor_msgs_library
[2.266s]       tf2_ros::static_transform_broadcaster_node
[2.266s]       tf2_ros::tf2_ros
[2.266s]     )
[2.266s] 
[2.266s] Call Stack (most recent call first):
[2.266s]   CMakeLists.txt:22 (ament_target_dependencies)
[2.266s] 
[2.266s] [0m
[2.270s] -- Found ament_lint_auto: 0.19.2 (/opt/ros/kilted/share/ament_lint_auto/cmake)
[2.437s] -- Added test 'cppcheck' to perform static code analysis on C / C++ code
[2.438s] -- Configured cppcheck include dirs: $<BUILD_INTERFACE:/home/felix/Schreibtisch/projects/ros2_homework_1/src/fake_robot/include>
[2.438s] -- Configured cppcheck exclude dirs and/or files: 
[2.442s] -- Added test 'flake8' to check Python code syntax and style conventions
[2.442s] -- Configured 'flake8' exclude dirs and/or files: 
[2.445s] -- Added test 'lint_cmake' to check CMake code style
[2.446s] -- Added test 'pep257' to check Python code against some of the docstring style conventions in PEP 257
[2.450s] -- Added test 'uncrustify' to check C / C++ code style
[2.450s] -- Configured uncrustify additional arguments: 
[2.452s] -- Added test 'xmllint' to check XML markup files
[2.454s] -- Configuring done (2.4s)
[2.475s] -- Generating done (0.0s)
[2.481s] -- Build files have been written to: /home/felix/Schreibtisch/projects/ros2_homework_1/build/fake_robot
[2.495s] Invoked command in '/home/felix/Schreibtisch/projects/ros2_homework_1/build/fake_robot' returned '0': CMAKE_PREFIX_PATH=${CMAKE_PREFIX_PATH}:/opt/ros/kilted /usr/bin/cmake /home/felix/Schreibtisch/projects/ros2_homework_1/src/fake_robot -DCMAKE_INSTALL_PREFIX=/home/felix/Schreibtisch/projects/ros2_homework_1/install/fake_robot
[2.497s] Invoking command in '/home/felix/Schreibtisch/projects/ros2_homework_1/build/fake_robot': CMAKE_PREFIX_PATH=${CMAKE_PREFIX_PATH}:/opt/ros/kilted /usr/bin/cmake --build /home/felix/Schreibtisch/projects/ros2_homework_1/build/fake_robot -- -j4 -l4
[2.570s] [ 50%] [32mBuilding CXX object CMakeFiles/fake_robot.dir/src/fake_robot.cpp.o[0m
[12.770s] [100%] [32m[1mLinking CXX executable fake_robot[0m
[13.311s] [100%] Built target fake_robot
[13.324s] Invoked command in '/home/felix/Schreibtisch/projects/ros2_homework_1/build/fake_robot' returned '0': CMAKE_PREFIX_PATH=${CMAKE_PREFIX_PATH}:/opt/ros/kilted /usr/bin/cmake --build /home/felix/Schreibtisch/projects/ros2_homework_1/build/fake_robot -- -j4 -l4
[13.336s] Invoking command in '/home/felix/Schreibtisch/projects/ros2_homework_1/build/fake_robot': CMAKE_PREFIX_PATH=${CMAKE_PREFIX_PATH}:/opt/ros/kilted /usr/bin/cmake --install /home/felix/Schreibtisch/projects/ros2_homework_1/build/fake_robot
[13.346s] -- Install configuration: ""
[13.346s] -- Installing: /home/felix/Schreibtisch/projects/ros2_homework_1/install/fake_robot/lib/fake_robot/fake_robot
[13.349s] -- Set non-toolchain portion of runtime path of "/home/felix/Schreibtisch/projects/ros2_homework_1/install/fake_robot/lib/fake_robot/fake_robot" to ""
[13.349s] -- Installing: /home/felix/Schreibtisch/projects/ros2_homework_1/install/fake_robot/share/fake_robot/launch
[13.349s] -- Installing: /home/felix/Schreibtisch/projects/ros2_homework_1/install/fake_robot/share/fake_robot/launch/fake_robot.launch.py
[13.349s] -- Installing: /home/felix/Schreibtisch/projects/ros2_homework_1/install/fake_robot/share/fake_robot/data
[13.350s] -- Installing: /home/felix/Schreibtisch/projects/ros2_homework_1/install/fake_robot/share/fake_robot/data/landmarks.csv
[13.350s] -- Installing: /home/felix/Schreibtisch/projects/ros2_homework_1/install/fake_robot/share/ament_index/resource_index/package_run_dependencies/fake_robot
[13.350s] -- Installing: /home/felix/Schreibtisch/projects/ros2_homework_1/install/fake_robot/share/ament_index/resource_index/parent_prefix_path/fake_robot
[13.350s] -- Installing: /home/felix/Schreibtisch/projects/ros2_homework_1/install/fake_robot/share/fake_robot/environment/ament_prefix_path.sh
[13.351s] -- Installing: /home/felix/Schreibtisch/projects/ros2_homework_1/install/fake_robot/share/fake_robot/environment/ament_prefix_path.dsv
[13.351s] -- Installing: /home/felix/Schreibtisch/projects/ros2_homework_1/install/fake_robot/share/fake_robot/environment/path.sh
[13.351s] -- Installing: /home/felix/Schreibtisch/projects/ros2_homework_1/install/fake_robot/share/fake_robot/environment/path.dsv
[13.352s] -- Installing: /home/felix/Schreibtisch/projects/ros2_homework_1/install/fake_robot/share/fake_robot/local_setup.bash
[13.352s] -- Installing: /home/felix/Schreibtisch/projects/ros2_homework_1/install/fake_robot/share/fake_robot/local_setup.sh
[13.353s] -- Installing: /home/felix/Schreibtisch/projects/ros2_homework_1/install/fake_robot/share/fake_robot/local_setup.zsh
[13.353s] -- Installing: /home/felix/Schreibtisch/projects/ros2_homework_1/install/fake_robot/share/fake_robot/local_setup.dsv
[13.353s] -- Installing: /home/felix/Schreibtisch/projects/ros2_homework_1/install/fake_robot/share/fake_robot/package.dsv
[13.353s] -- Installing: /home/felix/Schreibtisch/projects/ros2_homework_1/install/fake_robot/share/ament_index/resource_index/packages/fake_robot
[13.354s] -- Installing: /home/felix/Schreibtisch/projects/ros2_homework_1/install/fake_robot/share/fake_robot/cmake/fake_robotConfig.cmake
[13.354s] -- Installing: /home/felix/Schreibtisch/projects/ros2_homework_1/install/fake_robot/share/fake_robot/cmake/fake_robotConfig-version.cmake
[13.354s] -- Installing: /home/felix/Schreibtisch/projects/ros2_homework_1/install/fake_robot/share/fake_robot/package.xml
[13.357s] Invoked command in '/home/felix/Schreibtisch/projects/ros2_homework_1/build/fake_robot' returned '0': CMAKE_PREFIX_PATH=${CMAKE_PREFIX_PATH}:/opt/ros/kilted /usr/bin/cmake --install /home/felix/Schreibtisch/projects/ros2_homework_1/build/fake_robot
